12.2s 1 0.00s - Debugger warning: It seems that frozen modules are being used, which may
12.2s 2 0.00s - make the debugger miss breakpoints. Please pass -Xfrozen_modules=off
12.2s 3 0.00s - to python to disable frozen modules.
12.2s 4 0.00s - Note: Debugging will proceed. Set PYDEVD_DISABLE_FILE_VALIDATION=1 to disable this validation.
13.1s 5 0.00s - Debugger warning: It seems that frozen modules are being used, which may
13.1s 6 0.00s - make the debugger miss breakpoints. Please pass -Xfrozen_modules=off
13.1s 7 0.00s - to python to disable frozen modules.
13.1s 8 0.00s - Note: Debugging will proceed. Set PYDEVD_DISABLE_FILE_VALIDATION=1 to disable this validation.
14.8s 9 Using recovered bundle from: /kaggle/input/datasets/atindatta2/kaggle-full-recovery-bundle-v1-zip/recovered_stage1_bundle_v1
14.8s 10 Copied files: ['stage1_best.pt', 'kaggle_recover_from_stage1.py', 'stage1_history.csv', 'stage1_history.png', 'stage1_last.pt', 'KAGGLE_RECOVERY_SETUP.txt']
14.9s 11 Writing /kaggle/working/stage2_only_retry.py
30.5s 12 Source -> /kaggle/input/datasets/atindatta2/asdfhojhfdsdfh/before_kaggle
32.7s 13 ==========================================================================================
32.7s 14 KAGGLE STAGE-2 ONLY RETRY
32.7s 15 ==========================================================================================
32.7s 16 Run version: 2026-04-28-stage2-retry
32.7s 17 UTC start: 2026-04-28T02:49:46.739320+00:00
32.7s 18 02:49:49 [INFO] ======================================================================
32.7s 19 EXPERIMENTAL DATA SUMMARY
32.7s 20 ======================================================================
32.7s 21 
32.7s 22 [gibbs_2011] Fe-7.1Mn-0.1C
32.7s 23 Source: Metallurgical and Materials Transactions A (2011)
32.7s 24 DOI: 10.1007/s11661-011-0736-2
32.7s 25 Initial: cold-rolled, 50% reduction
32.7s 26 Data: 5 points | T: 575-675°C | Quality: {'table'}
32.7s 27 
32.7s 28 [luo_2011] Fe-5.0Mn-0.2C
32.7s 29 Source: Acta Materialia (2011)
32.7s 30 DOI: 10.1016/j.actamat.2011.03.025
32.7s 31 Initial: cold-rolled martensitic
32.7s 32 Data: 7 points | T: 650-650°C | Quality: {'digitized_figure', 'text_reported'}
32.7s 33 
32.7s 34 [pmc11053108_2024] Fe-4.7Mn-0.16C-1.6Al-0.2Si-0.2Mo
32.7s 35 Source: Open Access (PMC) (2024)
32.7s 36 DOI: PMC11053108
32.7s 37 Initial: cold-rolled
32.7s 38 Data: 7 points | T: 640-1000°C | Quality: {'text_reported'}
32.7s 39 
32.7s 40 [pmc11173901_2024] Fe-9.4Mn-0.2C-4.3Al
32.7s 41 Source: Open Access (PMC) (2024)
32.7s 42 DOI: PMC11173901
32.7s 43 Initial: not specified
32.7s 44 Data: 3 points | T: 750-850°C | Quality: {'digitized_figure'}
32.7s 45 
32.7s 46 [pmc6266817_2018] Fe-5.0Mn-0.12C-1.0Al-0.2Mo-0.05Nb
32.7s 47 Source: Open Access (PMC) (2018)
32.7s 48 DOI: PMC6266817
32.7s 49 Initial: cold-rolled (CR)
32.7s 50 Data: 6 points | T: 600-750°C | Quality: {'text_reported', 'digitized_figure'}
32.7s 51 
32.7s 52 [pmc6266817_2018_HR] Fe-5.0Mn-0.12C-1.0Al-0.2Mo-0.05Nb
32.7s 53 Source: Open Access (PMC) (2018)
32.7s 54 DOI: PMC6266817
32.7s 55 Initial: hot-rolled (HR)
32.7s 56 Data: 4 points | T: 600-690°C | Quality: {'text_reported', 'digitized_figure'}
32.7s 57 
32.7s 58 [yan_2022] Fe-6.0Mn-0.15C-1.5Al-0.3Si
32.7s 59 Source: MDPI Metals / EBSD study (2022)
32.7s 60 DOI: yan_2022_EBSD
32.7s 61 Initial: cold-rolled
32.7s 62 Data: 3 points | T: 650-710°C | Quality: {'text_reported'}
32.7s 63 
32.7s 64 [aliabad_2026] Fe-6.0Mn-0.4C-2.0Al-1.0Si
32.7s 65 Source: Open Access (2026)
32.7s 66 DOI: aliabad_2026
32.7s 67 Initial: not specified
32.7s 68 Data: 2 points | T: 680-680°C | Quality: {'text_reported'}
32.7s 69 
32.7s 70 [frontiers_2020] Fe-8.0Mn-0.2C-3.0Al
32.7s 71 Source: Frontiers in Materials (2020)
32.7s 72 DOI: frontiers_2020
32.7s 73 Initial: not specified
32.7s 74 Data: 2 points | T: 680-680°C | Quality: {'text_reported'}
32.7s 75 
32.7s 76 [lpbf_2021] Fe-3.93Mn-0.23C-2.01Al-0.51Si
32.7s 77 Source: Materials (MDPI) (2021)
32.7s 78 DOI: MDPI_Materials_14_3081
32.7s 79 Initial: LPBF as-built
32.7s 80 Data: 3 points | T: 25-750°C | Quality: {'text_reported'}
32.7s 81 
32.7s 82 [demoor_2011] Fe-7.1Mn-0.11C
32.7s 83 Source: Scripta Materialia (2011)
32.7s 84 DOI: 10.1016/j.scriptamat.2010.09.040
32.7s 85 Initial: cold-rolled martensitic
32.7s 86 Data: 5 points | T: 600-600°C | Quality: {'digitized_figure'}
32.7s 87 
32.7s 88 [lee_decooman_2014] Fe-5.8Mn-0.12C-2.0Al
32.7s 89 Source: Metallurgical and Materials Transactions A (2013)
32.7s 90 DOI: 10.1007/s11661-013-1860-y
32.7s 91 Initial: cold-rolled martensitic
32.7s 92 Data: 6 points | T: 625-750°C | Quality: {'digitized_figure'}
32.7s 93 
32.7s 94 [nakada_2014] Fe-6.0Mn
32.7s 95 Source: Acta Materialia (2014)
32.7s 96 DOI: 10.1016/j.actamat.2013.10.067
32.7s 97 Initial: quenched martensite
32.7s 98 Data: 7 points | T: 500-675°C | Quality: {'digitized_figure'}
32.7s 99 
32.7s 100 [shi_2010] Fe-5.0Mn-0.2C
32.7s 101 Source: Scripta Materialia (2010)
32.7s 102 DOI: 10.1016/j.scriptamat.2010.06.023
32.7s 103 Initial: cold-rolled martensitic
32.7s 104 Data: 5 points | T: 620-680°C | Quality: {'digitized_figure'}
32.7s 105 
32.7s 106 [arlazarov_2012] Fe-5.0Mn-0.1C
32.7s 107 Source: Materials Science and Engineering: A (2012)
32.7s 108 DOI: 10.1016/j.msea.2012.02.024
32.7s 109 Initial: cold-rolled, double annealed
32.7s 110 Data: 5 points | T: 600-700°C | Quality: {'digitized_figure'}
32.7s 111 
32.7s 112 [han_2014] Fe-9.0Mn-0.05C
32.7s 113 Source: Materials Science and Engineering: A (2014)
32.7s 114 DOI: 10.1016/j.msea.2015.02.055
32.7s 115 Initial: water-quenched martensite
32.7s 116 Data: 6 points | T: 600-725°C | Quality: {'digitized_figure'}
32.7s 117 
32.7s 118 [miller_2013] Fe-5.8Mn-0.1C-0.5Si
32.7s 119 Source: Metallurgical Transactions (2013)
32.7s 120 DOI: 10.1007/BF02647665
32.7s 121 Initial: cold-rolled and annealed
32.7s 122 Data: 5 points | T: 600-700°C | Quality: {'digitized_figure'}
32.7s 123 
32.7s 124 [hu_luo_2017] Fe-7.0Mn-0.1C-0.5Al
32.7s 125 Source: Journal of Alloys and Compounds (2017)
32.7s 126 DOI: 10.1016/j.jallcom.2017.07.174
32.7s 127 Initial: warm-rolled
32.7s 128 Data: 4 points | T: 600-675°C | Quality: {'digitized_figure'}
32.7s 129 
32.7s 130 [cai_2016] Fe-10.0Mn-0.3C-2.0Al
32.7s 131 Source: Acta Materialia (2015)
32.7s 132 DOI: 10.1016/j.actamat.2014.10.052
32.7s 133 Initial: cold-rolled martensitic
32.7s 134 Data: 4 points | T: 625-700°C | Quality: {'digitized_figure'}
32.7s 135 
32.7s 136 [zhao_2014] Fe-7.9Mn-0.07C-0.05Al-0.14Si
32.7s 137 Source: Materials (2014)
32.7s 138 DOI: 10.3390/ma7127891
32.7s 139 Initial: cold-rolled martensitic
32.7s 140 Data: 7 points | T: 580-700°C | Quality: {'digitized_figure'}
32.7s 141 
32.7s 142 [suh_2017] Fe-6.0Mn-0.1C-3.0Al
32.7s 143 Source: Scripta Materialia (2017)
32.7s 144 DOI: 10.1016/j.scriptamat.2016.07.013
32.7s 145 Initial: cold-rolled martensitic
32.7s 146 Data: 5 points | T: 700-800°C | Quality: {'digitized_figure'}
32.7s 147 
32.7s 148 [sun_2018] Fe-12.0Mn-0.05C
32.7s 149 Source: Acta Materialia (2018)
32.7s 150 DOI: 10.1016/j.actamat.2018.02.005
32.7s 151 Initial: cold-rolled martensitic
32.7s 152 Data: 8 points | T: 575-675°C | Quality: {'digitized_figure'}
32.7s 153 
32.7s 154 [ma_2019] Fe-8.0Mn-0.2C-2.0Al-0.5Si
32.7s 155 Source: Materials (2019)
32.7s 156 DOI: 10.3390/ma12091402
32.7s 157 Initial: cold-rolled martensitic
32.7s 158 Data: 6 points | T: 625-750°C | Quality: {'digitized_figure'}
32.7s 159 
32.7s 160 [demoor_2015] Fe-7.0Mn-0.1C
32.7s 161 Source: ISIJ International (2015)
32.7s 162 DOI: 10.2355/isijinternational.55.234
32.7s 163 Initial: cold-rolled martensitic
32.7s 164 Data: 6 points | T: 620-620°C | Quality: {'digitized_figure'}
32.7s 165 
32.7s 166 [hausman_2017] Fe-6.0Mn-0.3C-0.5Si
32.7s 167 Source: Materials Science and Engineering: A (2017)
32.7s 168 DOI: 10.1016/j.msea.2016.12.055
32.7s 169 Initial: cold-rolled martensitic
32.7s 170 Data: 4 points | T: 575-650°C | Quality: {'digitized_figure'}
32.7s 171 
32.7s 172 ======================================================================
32.7s 173 TOTAL: 125 experimental data points from 25 studies
32.7s 174 ======================================================================
32.8s 175 02:49:49 [INFO] Loaded 125 experimental data points from 25 studies
32.8s 176 02:49:49 [INFO] No user CSV files found in /kaggle/working/final_project_4_stage2_retry/data/user_experimental
32.9s 177 02:49:49 [INFO] Converted 125 real measurements into 105 training curves (227 total points)
32.9s 178 02:49:49 [INFO] TIER 1 (Real): 105 curves, 227 points
33.3s 179 02:49:49 [INFO] Generated 250 calibrated synthetic curves (15000 points) | provenance='synthetic_calibrated'
33.3s 180 02:49:49 [INFO] TIER 2 (Calibrated Synthetic): 250 curves, 15000 points
34.5s 181 02:49:50 [INFO] Generated 700 exploratory synthetic curves (42000 points) | provenance='synthetic_exploratory'
34.5s 182 02:49:50 [INFO] TIER 3 (Exploratory Synthetic): 700 curves, 42000 points
34.5s 183 02:49:50 [INFO]
34.5s 184 ============================================================
34.5s 185 02:49:50 [INFO] FULL DATASET: 1055 curves, 57227 total points
34.5s 186 02:49:50 [INFO]   synthetic_exploratory: 42000 points
34.5s 187 02:49:50 [INFO]   synthetic_calibrated: 15000 points
34.5s 188 02:49:50 [INFO]   experimental: 227 points
34.5s 189 02:49:50 [INFO] ============================================================
34.5s 190 
34.6s 191 Recovered stage1 checkpoint: /kaggle/working/recovered_stage1_bundle/stage1_best.pt
41.7s 192 ============================================================
41.7s 193 Stage 2 on cuda | epochs=60 | lr=8e-05
41.7s 194 ============================================================
52.4s 195 [stage2] epoch 001 batch 001/004 avg_total=0.01768 avg_data=0.01768 avg_nfe=1314.0 skipped=0
52.4s 196 [stage2] skipped batch 2/4: t must be strictly increasing or decreasing
52.4s 197 [stage2] skipped batch 3/4: t must be strictly increasing or decreasing
52.9s 198 [stage2] epoch 001 batch 004/004 avg_total=0.02045 avg_data=0.02045 avg_nfe=694.0 skipped=2
54.9s 199 E   1 | T:0.02045 V:0.01993 | RMSE:0.21710 RealRMSE:0.21710 | End:0.18984 RealEnd:0.18984 | NFE:694 | Skip:2 | LR:8.0e-05
54.9s 200 [stage2] skipped batch 1/4: t must be strictly increasing or decreasing
63.7s 201 [stage2] epoch 002 batch 002/004 avg_total=0.01004 avg_data=0.01004 avg_nfe=1344.0 skipped=1
63.7s 202 [stage2] skipped batch 3/4: t must be strictly increasing or decreasing
64.2s 203 [stage2] epoch 002 batch 004/004 avg_total=0.02821 avg_data=0.02821 avg_nfe=700.0 skipped=2
66.1s 204 E   2 | T:0.02821 V:0.01975 | RMSE:0.21606 RealRMSE:0.21606 | End:0.18813 RealEnd:0.18813 | NFE:700 | Skip:2 | LR:8.0e-05
66.1s 205 [stage2] skipped batch 1/4: t must be strictly increasing or decreasing
66.1s 206 [stage2] skipped batch 2/4: t must be strictly increasing or decreasing
66.1s 207 [stage2] skipped batch 3/4: t must be strictly increasing or decreasing
66.5s 208 [stage2] epoch 003 batch 004/004 avg_total=0.03036 avg_data=0.03036 avg_nfe=50.0 skipped=3
68.3s 209 E   3 | T:0.03036 V:0.02006 | RMSE:0.21782 RealRMSE:0.21782 | End:0.19111 RealEnd:0.19111 | NFE:50 | Skip:3 | LR:8.0e-05
68.3s 210 [stage2] skipped batch 1/4: t must be strictly increasing or decreasing
76.6s 211 [stage2] epoch 004 batch 002/004 avg_total=0.01343 avg_data=0.01343 avg_nfe=1326.0 skipped=1
85.5s 212 [stage2] epoch 004 batch 003/004 avg_total=0.01302 avg_data=0.01302 avg_nfe=1320.0 skipped=1
86.0s 213 [stage2] epoch 004 batch 004/004 avg_total=0.01276 avg_data=0.01276 avg_nfe=898.7 skipped=1
87.9s 214 E   4 | T:0.01276 V:0.02013 | RMSE:0.21824 RealRMSE:0.21824 | End:0.19172 RealEnd:0.19172 | NFE:899 | Skip:1 | LR:7.9e-05
97.5s 215 [stage2] epoch 005 batch 001/004 avg_total=0.01283 avg_data=0.01283 avg_nfe=1476.0 skipped=0
97.5s 216 [stage2] skipped batch 2/4: t must be strictly increasing or decreasing
97.5s 217 [stage2] skipped batch 3/4: t must be strictly increasing or decreasing
97.9s 218 [stage2] epoch 005 batch 004/004 avg_total=0.01725 avg_data=0.01725 avg_nfe=763.0 skipped=2
99.9s 219 E   5 | T:0.01725 V:0.01955 | RMSE:0.21493 RealRMSE:0.21493 | End:0.18622 RealEnd:0.18622 | NFE:763 | Skip:2 | LR:7.9e-05
108.9s 220 [stage2] epoch 006 batch 001/004 avg_total=0.01627 avg_data=0.01627 avg_nfe=1422.0 skipped=0
108.9s 221 [stage2] skipped batch 2/4: t must be strictly increasing or decreasing
108.9s 222 [stage2] skipped batch 3/4: t must be strictly increasing or decreasing
109.4s 223 [stage2] epoch 006 batch 004/004 avg_total=0.01969 avg_data=0.01969 avg_nfe=739.0 skipped=2
111.4s 224 E   6 | T:0.01969 V:0.01929 | RMSE:0.21340 RealRMSE:0.21340 | End:0.18531 RealEnd:0.18531 | NFE:739 | Skip:2 | LR:7.8e-05
111.4s 225 [stage2] skipped batch 1/4: t must be strictly increasing or decreasing
111.4s 226 [stage2] skipped batch 2/4: t must be strictly increasing or decreasing
120.9s 227 [stage2] epoch 007 batch 003/004 avg_total=0.01796 avg_data=0.01796 avg_nfe=1404.0 skipped=2
121.5s 228 [stage2] epoch 007 batch 004/004 avg_total=0.03447 avg_data=0.03447 avg_nfe=730.0 skipped=2
123.6s 229 E   7 | T:0.03447 V:0.01924 | RMSE:0.21305 RealRMSE:0.21305 | End:0.18491 RealEnd:0.18491 | NFE:730 | Skip:2 | LR:7.7e-05
123.6s 230 [stage2] skipped batch 1/4: t must be strictly increasing or decreasing
123.6s 231 [stage2] skipped batch 2/4: t must be strictly increasing or decreasing
123.6s 232 [stage2] skipped batch 3/4: t must be strictly increasing or decreasing
124.0s 233 [stage2] epoch 008 batch 004/004 avg_total=0.02273 avg_data=0.02273 avg_nfe=56.0 skipped=3
126.1s 234 E   8 | T:0.02273 V:0.01923 | RMSE:0.21299 RealRMSE:0.21299 | End:0.18477 RealEnd:0.18477 | NFE:56 | Skip:3 | LR:7.7e-05
126.1s 235 [stage2] skipped batch 1/4: t must be strictly increasing or decreasing
126.1s 236 [stage2] skipped batch 2/4: t must be strictly increasing or decreasing
126.2s 237 [stage2] skipped batch 3/4: t must be strictly increasing or decreasing
126.5s 238 [stage2] epoch 009 batch 004/004 avg_total=0.00997 avg_data=0.00997 avg_nfe=56.0 skipped=3
128.7s 239 E   9 | T:0.00997 V:0.01919 | RMSE:0.21266 RealRMSE:0.21266 | End:0.18417 RealEnd:0.18417 | NFE:56 | Skip:3 | LR:7.6e-05
128.7s 240 [stage2] skipped batch 1/4: t must be strictly increasing or decreasing
138.6s 241 [stage2] epoch 010 batch 002/004 avg_total=0.01826 avg_data=0.01826 avg_nfe=1410.0 skipped=1
138.9s 242 [stage2] skipped batch 3/4: t must be strictly increasing or decreasing
139.3s 243 [stage2] epoch 010 batch 004/004 avg_total=0.01292 avg_data=0.01292 avg_nfe=724.0 skipped=2
141.3s 244 E  10 | T:0.01292 V:0.01924 | RMSE:0.21266 RealRMSE:0.21266 | End:0.18668 RealEnd:0.18668 | NFE:724 | Skip:2 | LR:7.5e-05
141.3s 245 [stage2] skipped batch 1/4: t must be strictly increasing or decreasing
141.3s 246 [stage2] skipped batch 2/4: t must be strictly increasing or decreasing
141.4s 247 [stage2] skipped batch 3/4: t must be strictly increasing or decreasing
141.6s 248 [stage2] epoch 011 batch 004/004 avg_total=0.00757 avg_data=0.00757 avg_nfe=38.0 skipped=3
143.6s 249 E  11 | T:0.00757 V:0.01930 | RMSE:0.21292 RealRMSE:0.21292 | End:0.18780 RealEnd:0.18780 | NFE:38 | Skip:3 | LR:7.4e-05
143.6s 250 [stage2] skipped batch 1/4: t must be strictly increasing or decreasing
143.6s 251 [stage2] skipped batch 2/4: t must be strictly increasing or decreasing
143.6s 252 [stage2] skipped batch 3/4: t must be strictly increasing or decreasing
144.0s 253 [stage2] epoch 012 batch 004/004 avg_total=0.00757 avg_data=0.00757 avg_nfe=56.0 skipped=3
145.9s 254 E  12 | T:0.00757 V:0.01938 | RMSE:0.21331 RealRMSE:0.21331 | End:0.18879 RealEnd:0.18879 | NFE:56 | Skip:3 | LR:7.2e-05
155.0s 255 [stage2] epoch 013 batch 001/004 avg_total=0.01893 avg_data=0.01893 avg_nfe=1410.0 skipped=0
155.0s 256 [stage2] skipped batch 2/4: t must be strictly increasing or decreasing
164.7s 257 [stage2] epoch 013 batch 003/004 avg_total=0.01580 avg_data=0.01580 avg_nfe=1440.0 skipped=1
165.2s 258 [stage2] epoch 013 batch 004/004 avg_total=0.01139 avg_data=0.01139 avg_nfe=978.7 skipped=1
167.1s 259 E  13 | T:0.01139 V:0.01958 | RMSE:0.21438 RealRMSE:0.21438 | End:0.19042 RealEnd:0.19042 | NFE:979 | Skip:1 | LR:7.1e-05
167.1s 260 [stage2] skipped batch 1/4: t must be strictly increasing or decreasing
176.3s 261 [stage2] epoch 014 batch 002/004 avg_total=0.01759 avg_data=0.01759 avg_nfe=1440.0 skipped=1
179.2s 262 [stage2] skipped batch 3/4: t must be strictly increasing or decreasing
179.8s 263 [stage2] epoch 014 batch 004/004 avg_total=0.01012 avg_data=0.01012 avg_nfe=748.0 skipped=2
181.8s 264 E  14 | T:0.01012 V:0.01955 | RMSE:0.21420 RealRMSE:0.21420 | End:0.19020 RealEnd:0.19020 | NFE:748 | Skip:2 | LR:7.0e-05
181.8s 265 [stage2] skipped batch 1/4: t must be strictly increasing or decreasing
190.7s 266 [stage2] epoch 015 batch 002/004 avg_total=0.01593 avg_data=0.01593 avg_nfe=1386.0 skipped=1
190.7s 267 [stage2] skipped batch 3/4: t must be strictly increasing or decreasing
191.3s 268 [stage2] epoch 015 batch 004/004 avg_total=0.01930 avg_data=0.01930 avg_nfe=733.0 skipped=2
193.2s 269 E  15 | T:0.01930 V:0.01942 | RMSE:0.21349 RealRMSE:0.21349 | End:0.18912 RealEnd:0.18912 | NFE:733 | Skip:2 | LR:6.8e-05
193.2s 270 [stage2] skipped batch 1/4: t must be strictly increasing or decreasing
193.2s 271 [stage2] skipped batch 2/4: t must be strictly increasing or decreasing
193.2s 272 [stage2] skipped batch 3/4: t must be strictly increasing or decreasing
193.6s 273 [stage2] epoch 016 batch 004/004 avg_total=0.01331 avg_data=0.01331 avg_nfe=56.0 skipped=3
195.5s 274 E  16 | T:0.01331 V:0.01937 | RMSE:0.21324 RealRMSE:0.21324 | End:0.18862 RealEnd:0.18862 | NFE:56 | Skip:3 | LR:6.7e-05
204.3s 275 [stage2] epoch 017 batch 001/004 avg_total=0.01607 avg_data=0.01607 avg_nfe=1374.0 skipped=0
204.3s 276 [stage2] skipped batch 2/4: t must be strictly increasing or decreasing
213.0s 277 [stage2] epoch 017 batch 003/004 avg_total=0.01282 avg_data=0.01282 avg_nfe=1362.0 skipped=1
213.5s 278 [stage2] epoch 017 batch 004/004 avg_total=0.01176 avg_data=0.01176 avg_nfe=924.7 skipped=1
215.3s 279 E  17 | T:0.01176 V:0.01930 | RMSE:0.21294 RealRMSE:0.21294 | End:0.18777 RealEnd:0.18777 | NFE:925 | Skip:1 | LR:6.5e-05
223.9s 280 [stage2] epoch 018 batch 001/004 avg_total=0.01276 avg_data=0.01276 avg_nfe=1356.0 skipped=0
232.6s 281 [stage2] epoch 018 batch 002/004 avg_total=0.01120 avg_data=0.01120 avg_nfe=1353.0 skipped=0
232.6s 282 [stage2] skipped batch 3/4: t must be strictly increasing or decreasing
233.1s 283 [stage2] epoch 018 batch 004/004 avg_total=0.01103 avg_data=0.01103 avg_nfe=920.7 skipped=1
235.0s 284 E  18 | T:0.01103 V:0.01929 | RMSE:0.21289 RealRMSE:0.21289 | End:0.18749 RealEnd:0.18749 | NFE:921 | Skip:1 | LR:6.4e-05
235.0s 285 [stage2] skipped batch 1/4: t must be strictly increasing or decreasing
243.6s 286 [stage2] epoch 019 batch 002/004 avg_total=0.01518 avg_data=0.01518 avg_nfe=1350.0 skipped=1
243.6s 287 [stage2] skipped batch 3/4: t must be strictly increasing or decreasing
244.0s 288 [stage2] epoch 019 batch 004/004 avg_total=0.01843 avg_data=0.01843 avg_nfe=700.0 skipped=2
245.9s 289 E  19 | T:0.01843 V:0.01929 | RMSE:0.21292 RealRMSE:0.21292 | End:0.18757 RealEnd:0.18757 | NFE:700 | Skip:2 | LR:6.2e-05
245.9s 290 Early stopping at epoch 19
288.2s 291 ==========================================================================================
288.2s 292 STAGE 2 RETRY COMPLETE
288.2s 293 ==========================================================================================
288.2s 294 {
288.2s 295 "val_full": {
288.2s 296 "name": "val_full",
288.2s 297 "loss_total": 0.00035291954450907985,
288.2s 298 "loss_data": 0.0003497822680011658,
288.2s 299 "loss_physics": 3.137280724071648e-05,
288.2s 300 "loss_monotone": 0.0,
288.2s 301 "loss_bound": 0.0,
288.2s 302 "violation_rate": 0.0,
288.2s 303 "metrics": {
288.2s 304 "mae": 0.010996814576285737,
288.2s 305 "rmse": 0.023663914753745782,
288.2s 306 "real_mae": 0.18417245149612427,
288.2s 307 "real_rmse": 0.21265837048181793,
288.2s 308 "endpoint_mae": 0.03581645459826753,
288.2s 309 "real_endpoint_mae": 0.18417244590818882,
288.2s 310 "n_observed": 8536.0,
288.2s 311 "n_real_observed": 16.0
288.2s 312 },
288.2s 313 "curves": 158,
288.2s 314 "points": 8552
288.2s 315 },
288.2s 316 "test_full": {
288.2s 317 "name": "test_full",
288.2s 318 "loss_total": 0.0005828226816707424,
288.2s 319 "loss_data": 0.000539574705596481,
288.2s 320 "loss_physics": 0.0004322809401336209,
288.2s 321 "loss_monotone": 0.0,
288.2s 322 "loss_bound": 3.978794081506619e-08,
288.2s 323 "violation_rate": 0.0,
288.2s 324 "metrics": {
288.2s 325 "mae": 0.012640720717448636,
288.2s 326 "rmse": 0.028513647383105124,
288.2s 327 "real_mae": 0.2790341126291375,
288.2s 328 "real_rmse": 0.3215129525625404,
288.2s 329 "endpoint_mae": 0.04964277934452882,
288.2s 330 "real_endpoint_mae": 0.29940769961103797,
288.2s 331 "n_observed": 8599.0,
288.2s 332 "n_real_observed": 19.0
288.2s 333 },
288.2s 334 "curves": 159,
288.2s 335 "points": 8615
288.2s 336 },
288.2s 337 "val_real": {
288.2s 338 "name": "val_real",
288.2s 339 "loss_total": 0.019188564270734787,
288.2s 340 "loss_data": 0.019188521429896355,
288.2s 341 "loss_physics": 4.3750003442255547e-07,
288.2s 342 "loss_monotone": 0.0,
288.2s 343 "loss_bound": 0.0,
288.2s 344 "violation_rate": 0.0,
288.2s 345 "metrics": {
288.2s 346 "mae": 0.18417243659496307,
288.2s 347 "rmse": 0.21265837924067896,
288.2s 348 "real_mae": 0.18417243659496307,
288.2s 349 "real_rmse": 0.21265837924067896,
288.2s 350 "endpoint_mae": 0.1841724426485598,
288.2s 351 "real_endpoint_mae": 0.1841724426485598,
288.2s 352 "n_observed": 16.0,
288.2s 353 "n_real_observed": 16.0
288.2s 354 },
288.2s 355 "curves": 16,
288.2s 356 "points": 32
288.2s 357 },
288.2s 358 "test_real": {
288.2s 359 "name": "test_real",
288.2s 360 "loss_total": 0.04645063728094101,
288.2s 361 "loss_data": 0.03993385285139084,
288.2s 362 "loss_physics": 0.06514737755060196,
288.2s 363 "loss_monotone": 0.0,
288.2s 364 "loss_bound": 4.0936415643955115e-06,
288.2s 365 "violation_rate": 0.0,
288.2s 366 "metrics": {
288.2s 367 "mae": 0.27902733652215256,
288.2s 368 "rmse": 0.3215014387855581,
288.2s 369 "real_mae": 0.27902733652215256,
288.2s 370 "real_rmse": 0.3215014387855581,
288.2s 371 "endpoint_mae": 0.29940554732456803,
288.2s 372 "real_endpoint_mae": 0.29940554732456803,
288.2s 373 "n_observed": 19.0,
288.2s 374 "n_real_observed": 19.0
288.2s 375 },
288.2s 376 "curves": 16,
288.2s 377 "points": 35
288.2s 378 }
288.2s 379 }
288.2s 380 Best checkpoint metric (val_real_rmse): 0.212658
288.2s 381 Artifact folder: /kaggle/working/final_project_4_stage2_artifacts
288.2s 382 Artifact zip: /kaggle/working/final_project_4_stage2_artifacts.zip
295.7s 383 /usr/local/lib/python3.12/dist-packages/mistune.py:435: SyntaxWarning: invalid escape sequence '\|'
295.7s 384 cells[i][c] = re.sub('\\\\\|', '|', cell)
295.9s 385 /usr/local/lib/python3.12/dist-packages/nbconvert/filters/filter_links.py:36: SyntaxWarning: invalid escape sequence '\_'
295.9s 386 text = re.sub(r'_', '\_', text) # Escape underscores in display text
296.5s 387 [NbConvertApp] Converting notebook __notebook__.ipynb to notebook
296.8s 388 [NbConvertApp] Writing 47505 bytes to __notebook__.ipynb
299.2s 389 [NbConvertApp] Converting notebook __notebook__.ipynb to html
300.1s 390 [NbConvertApp] Writing 381890 bytes to __results__.html