6.8s 1 0.00s - Debugger warning: It seems that frozen modules are being used, which may
6.8s 2 0.00s - make the debugger miss breakpoints. Please pass -Xfrozen_modules=off
6.8s 3 0.00s - to python to disable frozen modules.
6.8s 4 0.00s - Note: Debugging will proceed. Set PYDEVD_DISABLE_FILE_VALIDATION=1 to disable this validation.
7.5s 5 0.00s - Debugger warning: It seems that frozen modules are being used, which may
7.5s 6 0.00s - make the debugger miss breakpoints. Please pass -Xfrozen_modules=off
7.5s 7 0.00s - to python to disable frozen modules.
7.5s 8 0.00s - Note: Debugging will proceed. Set PYDEVD_DISABLE_FILE_VALIDATION=1 to disable this validation.
18.7s 9 Source: /kaggle/input/datasets/atindatta2/kaggle-stage2-upload-zip
18.7s 10 Checkpoint: /kaggle/input/datasets/atindatta2/kaggle-stage2-upload-zip/stage1_best_ep109.pt
20.0s 11 ================================================================================
20.0s 12 STAGE 2 FINE-TUNING FROM RECOVERED STAGE-1 CHECKPOINT
20.0s 13 ================================================================================
20.0s 14 UTC: 2026-04-28T03:59:00.448234+00:00  |  Device: cuda
20.0s 15 GPU: Tesla T4 | VRAM: 15.64 GB
20.0s 16 
20.0s 17 [1/5] Thermo tables...
20.1s 18 [2/5] Building dataset...
20.1s 19 03:59:01 [INFO] ======================================================================
20.1s 20 EXPERIMENTAL DATA SUMMARY
20.1s 21 ======================================================================
20.1s 22 
20.1s 23 [gibbs_2011] Fe-7.1Mn-0.1C
20.1s 24 Source: Metallurgical and Materials Transactions A (2011)
20.1s 25 DOI: 10.1007/s11661-011-0736-2
20.1s 26 Initial: cold-rolled, 50% reduction
20.1s 27 Data: 5 points | T: 575-675°C | Quality: {'table'}
20.1s 28 
20.1s 29 [luo_2011] Fe-5.0Mn-0.2C
20.1s 30 Source: Acta Materialia (2011)
20.1s 31 DOI: 10.1016/j.actamat.2011.03.025
20.1s 32 Initial: cold-rolled martensitic
20.1s 33 Data: 7 points | T: 650-650°C | Quality: {'digitized_figure', 'text_reported'}
20.1s 34 
20.1s 35 [pmc11053108_2024] Fe-4.7Mn-0.16C-1.6Al-0.2Si-0.2Mo
20.1s 36 Source: Open Access (PMC) (2024)
20.1s 37 DOI: PMC11053108
20.1s 38 Initial: cold-rolled
20.1s 39 Data: 7 points | T: 640-1000°C | Quality: {'text_reported'}
20.1s 40 
20.1s 41 [pmc11173901_2024] Fe-9.4Mn-0.2C-4.3Al
20.1s 42 Source: Open Access (PMC) (2024)
20.1s 43 DOI: PMC11173901
20.1s 44 Initial: not specified
20.1s 45 Data: 3 points | T: 750-850°C | Quality: {'digitized_figure'}
20.1s 46 
20.1s 47 [pmc6266817_2018] Fe-5.0Mn-0.12C-1.0Al-0.2Mo-0.05Nb
20.1s 48 Source: Open Access (PMC) (2018)
20.1s 49 DOI: PMC6266817
20.1s 50 Initial: cold-rolled (CR)
20.1s 51 Data: 6 points | T: 600-750°C | Quality: {'digitized_figure', 'text_reported'}
20.1s 52 
20.1s 53 [pmc6266817_2018_HR] Fe-5.0Mn-0.12C-1.0Al-0.2Mo-0.05Nb
20.1s 54 Source: Open Access (PMC) (2018)
20.1s 55 DOI: PMC6266817
20.1s 56 Initial: hot-rolled (HR)
20.1s 57 Data: 4 points | T: 600-690°C | Quality: {'digitized_figure', 'text_reported'}
20.1s 58 
20.1s 59 [yan_2022] Fe-6.0Mn-0.15C-1.5Al-0.3Si
20.1s 60 Source: MDPI Metals / EBSD study (2022)
20.1s 61 DOI: yan_2022_EBSD
20.1s 62 Initial: cold-rolled
20.1s 63 Data: 3 points | T: 650-710°C | Quality: {'text_reported'}
20.1s 64 
20.1s 65 [aliabad_2026] Fe-6.0Mn-0.4C-2.0Al-1.0Si
20.1s 66 Source: Open Access (2026)
20.1s 67 DOI: aliabad_2026
20.1s 68 Initial: not specified
20.1s 69 Data: 2 points | T: 680-680°C | Quality: {'text_reported'}
20.1s 70 
20.1s 71 [frontiers_2020] Fe-8.0Mn-0.2C-3.0Al
20.1s 72 Source: Frontiers in Materials (2020)
20.1s 73 DOI: frontiers_2020
20.1s 74 Initial: not specified
20.1s 75 Data: 2 points | T: 680-680°C | Quality: {'text_reported'}
20.1s 76 
20.1s 77 [lpbf_2021] Fe-3.93Mn-0.23C-2.01Al-0.51Si
20.1s 78 Source: Materials (MDPI) (2021)
20.1s 79 DOI: MDPI_Materials_14_3081
20.1s 80 Initial: LPBF as-built
20.1s 81 Data: 3 points | T: 25-750°C | Quality: {'text_reported'}
20.1s 82 
20.1s 83 [demoor_2011] Fe-7.1Mn-0.11C
20.1s 84 Source: Scripta Materialia (2011)
20.1s 85 DOI: 10.1016/j.scriptamat.2010.09.040
20.1s 86 Initial: cold-rolled martensitic
20.1s 87 Data: 5 points | T: 600-600°C | Quality: {'digitized_figure'}
20.1s 88 
20.1s 89 [lee_decooman_2014] Fe-5.8Mn-0.12C-2.0Al
20.1s 90 Source: Metallurgical and Materials Transactions A (2013)
20.1s 91 DOI: 10.1007/s11661-013-1860-y
20.1s 92 Initial: cold-rolled martensitic
20.1s 93 Data: 6 points | T: 625-750°C | Quality: {'digitized_figure'}
20.1s 94 
20.1s 95 [nakada_2014] Fe-6.0Mn
20.1s 96 Source: Acta Materialia (2014)
20.1s 97 DOI: 10.1016/j.actamat.2013.10.067
20.1s 98 Initial: quenched martensite
20.1s 99 Data: 7 points | T: 500-675°C | Quality: {'digitized_figure'}
20.1s 100 
20.1s 101 [shi_2010] Fe-5.0Mn-0.2C
20.1s 102 Source: Scripta Materialia (2010)
20.1s 103 DOI: 10.1016/j.scriptamat.2010.06.023
20.1s 104 Initial: cold-rolled martensitic
20.1s 105 Data: 5 points | T: 620-680°C | Quality: {'digitized_figure'}
20.1s 106 
20.1s 107 [arlazarov_2012] Fe-5.0Mn-0.1C
20.1s 108 Source: Materials Science and Engineering: A (2012)
20.1s 109 DOI: 10.1016/j.msea.2012.02.024
20.1s 110 Initial: cold-rolled, double annealed
20.1s 111 Data: 5 points | T: 600-700°C | Quality: {'digitized_figure'}
20.1s 112 
20.1s 113 [han_2014] Fe-9.0Mn-0.05C
20.1s 114 Source: Materials Science and Engineering: A (2014)
20.1s 115 DOI: 10.1016/j.msea.2015.02.055
20.1s 116 Initial: water-quenched martensite
20.1s 117 Data: 6 points | T: 600-725°C | Quality: {'digitized_figure'}
20.1s 118 
20.1s 119 [miller_2013] Fe-5.8Mn-0.1C-0.5Si
20.1s 120 Source: Metallurgical Transactions (2013)
20.1s 121 DOI: 10.1007/BF02647665
20.1s 122 Initial: cold-rolled and annealed
20.1s 123 Data: 5 points | T: 600-700°C | Quality: {'digitized_figure'}
20.1s 124 
20.1s 125 [hu_luo_2017] Fe-7.0Mn-0.1C-0.5Al
20.1s 126 Source: Journal of Alloys and Compounds (2017)
20.1s 127 DOI: 10.1016/j.jallcom.2017.07.174
20.1s 128 Initial: warm-rolled
20.1s 129 Data: 4 points | T: 600-675°C | Quality: {'digitized_figure'}
20.1s 130 
20.1s 131 [cai_2016] Fe-10.0Mn-0.3C-2.0Al
20.1s 132 Source: Acta Materialia (2015)
20.1s 133 DOI: 10.1016/j.actamat.2014.10.052
20.1s 134 Initial: cold-rolled martensitic
20.1s 135 Data: 4 points | T: 625-700°C | Quality: {'digitized_figure'}
20.1s 136 
20.1s 137 [zhao_2014] Fe-7.9Mn-0.07C-0.05Al-0.14Si
20.1s 138 Source: Materials (2014)
20.1s 139 DOI: 10.3390/ma7127891
20.1s 140 Initial: cold-rolled martensitic
20.1s 141 Data: 7 points | T: 580-700°C | Quality: {'digitized_figure'}
20.1s 142 
20.1s 143 [suh_2017] Fe-6.0Mn-0.1C-3.0Al
20.1s 144 Source: Scripta Materialia (2017)
20.1s 145 DOI: 10.1016/j.scriptamat.2016.07.013
20.1s 146 Initial: cold-rolled martensitic
20.1s 147 Data: 5 points | T: 700-800°C | Quality: {'digitized_figure'}
20.1s 148 
20.1s 149 [sun_2018] Fe-12.0Mn-0.05C
20.1s 150 Source: Acta Materialia (2018)
20.1s 151 DOI: 10.1016/j.actamat.2018.02.005
20.1s 152 Initial: cold-rolled martensitic
20.1s 153 Data: 8 points | T: 575-675°C | Quality: {'digitized_figure'}
20.1s 154 
20.1s 155 [ma_2019] Fe-8.0Mn-0.2C-2.0Al-0.5Si
20.1s 156 Source: Materials (2019)
20.1s 157 DOI: 10.3390/ma12091402
20.1s 158 Initial: cold-rolled martensitic
20.1s 159 Data: 6 points | T: 625-750°C | Quality: {'digitized_figure'}
20.1s 160 
20.1s 161 [demoor_2015] Fe-7.0Mn-0.1C
20.1s 162 Source: ISIJ International (2015)
20.1s 163 DOI: 10.2355/isijinternational.55.234
20.1s 164 Initial: cold-rolled martensitic
20.1s 165 Data: 6 points | T: 620-620°C | Quality: {'digitized_figure'}
20.1s 166 
20.1s 167 [hausman_2017] Fe-6.0Mn-0.3C-0.5Si
20.1s 168 Source: Materials Science and Engineering: A (2017)
20.1s 169 DOI: 10.1016/j.msea.2016.12.055
20.1s 170 Initial: cold-rolled martensitic
20.1s 171 Data: 4 points | T: 575-650°C | Quality: {'digitized_figure'}
20.1s 172 
20.1s 173 ======================================================================
20.1s 174 TOTAL: 125 experimental data points from 25 studies
20.1s 175 ======================================================================
20.1s 176 
20.1s 177 03:59:01 [INFO] ======================================================================
20.1s 178 EXPERIMENTAL DATA SUMMARY
20.1s 179 ======================================================================
20.1s 180 
20.1s 181 [gibbs_2011] Fe-7.1Mn-0.1C
20.1s 182 Source: Metallurgical and Materials Transactions A (2011)
20.1s 183 DOI: 10.1007/s11661-011-0736-2
20.1s 184 Initial: cold-rolled, 50% reduction
20.1s 185 Data: 5 points | T: 575-675°C | Quality: {'table'}
20.1s 186 
20.1s 187 [luo_2011] Fe-5.0Mn-0.2C
20.1s 188 Source: Acta Materialia (2011)
20.1s 189 DOI: 10.1016/j.actamat.2011.03.025
20.1s 190 Initial: cold-rolled martensitic
20.1s 191 Data: 7 points | T: 650-650°C | Quality: {'digitized_figure', 'text_reported'}
20.1s 192 
20.1s 193 [pmc11053108_2024] Fe-4.7Mn-0.16C-1.6Al-0.2Si-0.2Mo
20.1s 194 Source: Open Access (PMC) (2024)
20.1s 195 DOI: PMC11053108
20.1s 196 Initial: cold-rolled
20.1s 197 Data: 7 points | T: 640-1000°C | Quality: {'text_reported'}
20.1s 198 
20.1s 199 [pmc11173901_2024] Fe-9.4Mn-0.2C-4.3Al
20.1s 200 Source: Open Access (PMC) (2024)
20.1s 201 DOI: PMC11173901
20.1s 202 Initial: not specified
20.1s 203 Data: 3 points | T: 750-850°C | Quality: {'digitized_figure'}
20.1s 204 
20.1s 205 [pmc6266817_2018] Fe-5.0Mn-0.12C-1.0Al-0.2Mo-0.05Nb
20.1s 206 Source: Open Access (PMC) (2018)
20.1s 207 DOI: PMC6266817
20.1s 208 Initial: cold-rolled (CR)
20.1s 209 Data: 6 points | T: 600-750°C | Quality: {'digitized_figure', 'text_reported'}
20.1s 210 
20.1s 211 [pmc6266817_2018_HR] Fe-5.0Mn-0.12C-1.0Al-0.2Mo-0.05Nb
20.1s 212 Source: Open Access (PMC) (2018)
20.1s 213 DOI: PMC6266817
20.1s 214 Initial: hot-rolled (HR)
20.1s 215 Data: 4 points | T: 600-690°C | Quality: {'digitized_figure', 'text_reported'}
20.1s 216 
20.1s 217 [yan_2022] Fe-6.0Mn-0.15C-1.5Al-0.3Si
20.1s 218 Source: MDPI Metals / EBSD study (2022)
20.1s 219 DOI: yan_2022_EBSD
20.1s 220 Initial: cold-rolled
20.1s 221 Data: 3 points | T: 650-710°C | Quality: {'text_reported'}
20.1s 222 
20.1s 223 [aliabad_2026] Fe-6.0Mn-0.4C-2.0Al-1.0Si
20.1s 224 Source: Open Access (2026)
20.1s 225 DOI: aliabad_2026
20.1s 226 Initial: not specified
20.1s 227 Data: 2 points | T: 680-680°C | Quality: {'text_reported'}
20.1s 228 
20.1s 229 [frontiers_2020] Fe-8.0Mn-0.2C-3.0Al
20.1s 230 Source: Frontiers in Materials (2020)
20.1s 231 DOI: frontiers_2020
20.1s 232 Initial: not specified
20.1s 233 Data: 2 points | T: 680-680°C | Quality: {'text_reported'}
20.1s 234 
20.1s 235 [lpbf_2021] Fe-3.93Mn-0.23C-2.01Al-0.51Si
20.1s 236 Source: Materials (MDPI) (2021)
20.1s 237 DOI: MDPI_Materials_14_3081
20.1s 238 Initial: LPBF as-built
20.1s 239 Data: 3 points | T: 25-750°C | Quality: {'text_reported'}
20.1s 240 
20.1s 241 [demoor_2011] Fe-7.1Mn-0.11C
20.1s 242 Source: Scripta Materialia (2011)
20.1s 243 DOI: 10.1016/j.scriptamat.2010.09.040
20.1s 244 Initial: cold-rolled martensitic
20.1s 245 Data: 5 points | T: 600-600°C | Quality: {'digitized_figure'}
20.1s 246 
20.1s 247 [lee_decooman_2014] Fe-5.8Mn-0.12C-2.0Al
20.1s 248 Source: Metallurgical and Materials Transactions A (2013)
20.1s 249 DOI: 10.1007/s11661-013-1860-y
20.1s 250 Initial: cold-rolled martensitic
20.1s 251 Data: 6 points | T: 625-750°C | Quality: {'digitized_figure'}
20.1s 252 
20.1s 253 [nakada_2014] Fe-6.0Mn
20.1s 254 Source: Acta Materialia (2014)
20.1s 255 DOI: 10.1016/j.actamat.2013.10.067
20.1s 256 Initial: quenched martensite
20.1s 257 Data: 7 points | T: 500-675°C | Quality: {'digitized_figure'}
20.1s 258 
20.1s 259 [shi_2010] Fe-5.0Mn-0.2C
20.1s 260 Source: Scripta Materialia (2010)
20.1s 261 DOI: 10.1016/j.scriptamat.2010.06.023
20.1s 262 Initial: cold-rolled martensitic
20.1s 263 Data: 5 points | T: 620-680°C | Quality: {'digitized_figure'}
20.1s 264 
20.1s 265 [arlazarov_2012] Fe-5.0Mn-0.1C
20.1s 266 Source: Materials Science and Engineering: A (2012)
20.1s 267 DOI: 10.1016/j.msea.2012.02.024
20.1s 268 Initial: cold-rolled, double annealed
20.1s 269 Data: 5 points | T: 600-700°C | Quality: {'digitized_figure'}
20.1s 270 
20.1s 271 [han_2014] Fe-9.0Mn-0.05C
20.1s 272 Source: Materials Science and Engineering: A (2014)
20.1s 273 DOI: 10.1016/j.msea.2015.02.055
20.1s 274 Initial: water-quenched martensite
20.1s 275 Data: 6 points | T: 600-725°C | Quality: {'digitized_figure'}
20.1s 276 
20.1s 277 [miller_2013] Fe-5.8Mn-0.1C-0.5Si
20.1s 278 Source: Metallurgical Transactions (2013)
20.1s 279 DOI: 10.1007/BF02647665
20.1s 280 Initial: cold-rolled and annealed
20.1s 281 Data: 5 points | T: 600-700°C | Quality: {'digitized_figure'}
20.1s 282 
20.1s 283 [hu_luo_2017] Fe-7.0Mn-0.1C-0.5Al
20.1s 284 Source: Journal of Alloys and Compounds (2017)
20.1s 285 DOI: 10.1016/j.jallcom.2017.07.174
20.1s 286 Initial: warm-rolled
20.1s 287 Data: 4 points | T: 600-675°C | Quality: {'digitized_figure'}
20.1s 288 
20.1s 289 [cai_2016] Fe-10.0Mn-0.3C-2.0Al
20.1s 290 Source: Acta Materialia (2015)
20.1s 291 DOI: 10.1016/j.actamat.2014.10.052
20.1s 292 Initial: cold-rolled martensitic
20.1s 293 Data: 4 points | T: 625-700°C | Quality: {'digitized_figure'}
20.1s 294 
20.1s 295 [zhao_2014] Fe-7.9Mn-0.07C-0.05Al-0.14Si
20.1s 296 Source: Materials (2014)
20.1s 297 DOI: 10.3390/ma7127891
20.1s 298 Initial: cold-rolled martensitic
20.1s 299 Data: 7 points | T: 580-700°C | Quality: {'digitized_figure'}
20.1s 300 
20.1s 301 [suh_2017] Fe-6.0Mn-0.1C-3.0Al
20.1s 302 Source: Scripta Materialia (2017)
20.1s 303 DOI: 10.1016/j.scriptamat.2016.07.013
20.1s 304 Initial: cold-rolled martensitic
20.1s 305 Data: 5 points | T: 700-800°C | Quality: {'digitized_figure'}
20.1s 306 
20.1s 307 [sun_2018] Fe-12.0Mn-0.05C
20.1s 308 Source: Acta Materialia (2018)
20.1s 309 DOI: 10.1016/j.actamat.2018.02.005
20.1s 310 Initial: cold-rolled martensitic
20.1s 311 Data: 8 points | T: 575-675°C | Quality: {'digitized_figure'}
20.1s 312 
20.1s 313 [ma_2019] Fe-8.0Mn-0.2C-2.0Al-0.5Si
20.1s 314 Source: Materials (2019)
20.1s 315 DOI: 10.3390/ma12091402
20.1s 316 Initial: cold-rolled martensitic
20.1s 317 Data: 6 points | T: 625-750°C | Quality: {'digitized_figure'}
20.1s 318 
20.1s 319 [demoor_2015] Fe-7.0Mn-0.1C
20.1s 320 Source: ISIJ International (2015)
20.1s 321 DOI: 10.2355/isijinternational.55.234
20.1s 322 Initial: cold-rolled martensitic
20.1s 323 Data: 6 points | T: 620-620°C | Quality: {'digitized_figure'}
20.1s 324 
20.1s 325 [hausman_2017] Fe-6.0Mn-0.3C-0.5Si
20.1s 326 Source: Materials Science and Engineering: A (2017)
20.1s 327 DOI: 10.1016/j.msea.2016.12.055
20.1s 328 Initial: cold-rolled martensitic
20.1s 329 Data: 4 points | T: 575-650°C | Quality: {'digitized_figure'}
20.1s 330 
20.1s 331 ======================================================================
20.1s 332 TOTAL: 125 experimental data points from 25 studies
20.1s 333 ======================================================================
20.1s 334 03:59:01 [INFO] Loaded 125 experimental data points from 25 studies
20.1s 335 
20.1s 336 03:59:01 [INFO] Loaded 125 experimental data points from 25 studies
20.1s 337 03:59:01 [INFO] No user CSV files found in /kaggle/working/run/data/user_experimental
20.1s 338 
20.1s 339 03:59:01 [INFO] No user CSV files found in /kaggle/working/run/data/user_experimental
20.3s 340 03:59:02 [INFO] Converted 125 real measurements into 105 training curves (227 total points)
20.3s 341 
20.3s 342 03:59:02 [INFO] Converted 125 real measurements into 105 training curves (227 total points)
20.3s 343 03:59:02 [INFO] TIER 1 (Real): 105 curves, 227 points
20.3s 344 
20.3s 345 03:59:02 [INFO] TIER 1 (Real): 105 curves, 227 points
20.7s 346 03:59:02 [INFO] Generated 250 calibrated synthetic curves (15000 points) | provenance='synthetic_calibrated'
20.7s 347 
20.7s 348 03:59:02 [INFO] Generated 250 calibrated synthetic curves (15000 points) | provenance='synthetic_calibrated'
20.7s 349 03:59:02 [INFO] TIER 2 (Calibrated Synthetic): 250 curves, 15000 points
20.7s 350 
20.7s 351 03:59:02 [INFO] TIER 2 (Calibrated Synthetic): 250 curves, 15000 points
22.0s 352 03:59:03 [INFO] Generated 700 exploratory synthetic curves (42000 points) | provenance='synthetic_exploratory'
22.0s 353 
22.0s 354 03:59:03 [INFO] Generated 700 exploratory synthetic curves (42000 points) | provenance='synthetic_exploratory'
22.0s 355 03:59:03 [INFO] TIER 3 (Exploratory Synthetic): 700 curves, 42000 points
22.0s 356 
22.0s 357 03:59:03 [INFO] TIER 3 (Exploratory Synthetic): 700 curves, 42000 points
22.0s 358 03:59:03 [INFO]
22.0s 359 ============================================================
22.0s 360 
22.0s 361 03:59:03 [INFO]
22.0s 362 ============================================================
22.0s 363 03:59:03 [INFO] FULL DATASET: 1055 curves, 57227 total points
22.0s 364 
22.0s 365 03:59:03 [INFO] FULL DATASET: 1055 curves, 57227 total points
22.0s 366 03:59:03 [INFO]   synthetic_exploratory: 42000 points
22.0s 367 
22.0s 368 03:59:03 [INFO]   synthetic_exploratory: 42000 points
22.0s 369 03:59:03 [INFO]   synthetic_calibrated: 15000 points
22.0s 370 
22.0s 371 03:59:03 [INFO]   synthetic_calibrated: 15000 points
22.0s 372 03:59:03 [INFO]   experimental: 227 points
22.0s 373 
22.0s 374 03:59:03 [INFO]   experimental: 227 points
22.0s 375 03:59:03 [INFO] ============================================================
22.0s 376 
22.0s 377 
22.0s 378 03:59:03 [INFO] ============================================================
22.0s 379 
22.0s 380 {"name": "full", "curves": 1055, "points": 57227, "by_prov": {"synthetic_exploratory": 42000, "synthetic_calibrated": 15000, "experimental": 227}}
22.0s 381 {"name": "train", "curves": 738, "points": 40060, "by_prov": {"synthetic_exploratory": 28980, "synthetic_calibrated": 10920, "experimental": 160}}
22.0s 382 {"name": "val", "curves": 158, "points": 8552, "by_prov": {"synthetic_exploratory": 6180, "synthetic_calibrated": 2340, "experimental": 32}}
22.0s 383 {"name": "test", "curves": 159, "points": 8615, "by_prov": {"synthetic_exploratory": 6840, "synthetic_calibrated": 1740, "experimental": 35}}
22.0s 384 {"name": "train_real", "curves": 73, "points": 160, "by_prov": {"experimental": 160}}
22.0s 385 {"name": "val_real", "curves": 16, "points": 32, "by_prov": {"experimental": 32}}
22.1s 386 {"name": "test_real", "curves": 16, "points": 35, "by_prov": {"experimental": 35}}
22.1s 387 
22.1s 388 [3/5] Loading stage-1 checkpoint...
27.8s 389 Stage-1 checkpoint loaded successfully.
27.8s 390 
27.8s 391 --- Stage-1 baseline evaluation ---
48.7s 392 [s1_val_full] rmse=0.02344 real_rmse=0.21278 endpoint=0.03537 real_endpoint=0.18623
69.0s 393 [s1_test_full] rmse=0.02810 real_rmse=0.31368 endpoint=0.04829 real_endpoint=0.29241
71.1s 394 [s1_val_real] rmse=0.21278 real_rmse=0.21278 endpoint=0.18623 real_endpoint=0.18623
73.4s 395 [s1_test_real] rmse=0.31368 real_rmse=0.31368 endpoint=0.29241 real_endpoint=0.29241
73.4s 396 
73.4s 397 [4/5] Stage 2: real-only fine-tuning (60 epochs, NO early stopping)...
73.5s 398 03:59:55 [INFO] ============================================================
73.5s 399 
73.5s 400 03:59:55 [INFO] ============================================================
73.5s 401 03:59:55 [INFO] Training on cuda | Epochs: 60 | Batch: 24 | LR: 8e-05
73.5s 402 
73.5s 403 03:59:55 [INFO] Training on cuda | Epochs: 60 | Batch: 24 | LR: 8e-05
73.5s 404 03:59:55 [INFO] AMP: False | Adjoint: False | SWAG: False
73.5s 405 
73.5s 406 03:59:55 [INFO] AMP: False | Adjoint: False | SWAG: False
73.5s 407 03:59:55 [INFO] Checkpoint metric: val_real_rmse
73.5s 408 
73.5s 409 03:59:55 [INFO] Checkpoint metric: val_real_rmse
73.5s 410 03:59:55 [INFO] ============================================================
73.5s 411 
73.5s 412 03:59:55 [INFO] ============================================================
107.1s 413 04:00:28 [INFO] E   1 | T:0.14240 V:0.01924 | RMSE:0.21270 RealRMSE:0.21270 | End:0.18692 RealEnd:0.18692 | NFE:1068 | Viol:0.00% | Skip:0 | LR:8.0e-05
107.1s 414 
107.1s 415 04:00:28 [INFO] E   1 | T:0.14240 V:0.01924 | RMSE:0.21270 RealRMSE:0.21270 | End:0.18692 RealEnd:0.18692 | NFE:1068 | Viol:0.00% | Skip:0 | LR:8.0e-05
139.0s 416 04:01:00 [INFO] E   2 | T:0.10739 V:0.01920 | RMSE:0.21254 RealRMSE:0.21254 | End:0.18585 RealEnd:0.18585 | NFE:1026 | Viol:0.00% | Skip:0 | LR:8.0e-05
139.0s 417 
139.0s 418 04:01:00 [INFO] E   2 | T:0.10739 V:0.01920 | RMSE:0.21254 RealRMSE:0.21254 | End:0.18585 RealEnd:0.18585 | NFE:1026 | Viol:0.00% | Skip:0 | LR:8.0e-05
171.5s 419 04:01:33 [INFO] E   3 | T:0.15171 V:0.01921 | RMSE:0.21261 RealRMSE:0.21261 | End:0.18614 RealEnd:0.18614 | NFE:1049 | Viol:0.00% | Skip:0 | LR:8.0e-05
171.5s 420 
171.5s 421 04:01:33 [INFO] E   3 | T:0.15171 V:0.01921 | RMSE:0.21261 RealRMSE:0.21261 | End:0.18614 RealEnd:0.18614 | NFE:1049 | Viol:0.00% | Skip:0 | LR:8.0e-05
204.3s 422 04:02:06 [INFO] E   4 | T:0.11832 V:0.01934 | RMSE:0.21318 RealRMSE:0.21318 | End:0.18772 RealEnd:0.18772 | NFE:1064 | Viol:0.00% | Skip:0 | LR:7.9e-05
204.3s 423 
204.3s 424 04:02:06 [INFO] E   4 | T:0.11832 V:0.01934 | RMSE:0.21318 RealRMSE:0.21318 | End:0.18772 RealEnd:0.18772 | NFE:1064 | Viol:0.00% | Skip:0 | LR:7.9e-05
234.8s 425 04:02:36 [INFO] E   5 | T:0.13700 V:0.01923 | RMSE:0.21276 RealRMSE:0.21276 | End:0.18522 RealEnd:0.18522 | NFE:1007 | Viol:0.00% | Skip:0 | LR:7.9e-05
234.8s 426 
234.8s 427 04:02:36 [INFO] E   5 | T:0.13700 V:0.01923 | RMSE:0.21276 RealRMSE:0.21276 | End:0.18522 RealEnd:0.18522 | NFE:1007 | Viol:0.00% | Skip:0 | LR:7.9e-05
267.3s 428 04:03:09 [INFO] E   6 | T:0.16139 V:0.01918 | RMSE:0.21249 RealRMSE:0.21249 | End:0.18521 RealEnd:0.18521 | NFE:1067 | Viol:0.00% | Skip:0 | LR:7.8e-05
267.3s 429 
267.3s 430 04:03:09 [INFO] E   6 | T:0.16139 V:0.01918 | RMSE:0.21249 RealRMSE:0.21249 | End:0.18521 RealEnd:0.18521 | NFE:1067 | Viol:0.00% | Skip:0 | LR:7.8e-05
298.5s 431 04:03:40 [INFO] E   7 | T:0.13310 V:0.01944 | RMSE:0.21369 RealRMSE:0.21369 | End:0.18902 RealEnd:0.18902 | NFE:1026 | Viol:0.00% | Skip:0 | LR:7.7e-05
298.5s 432 
298.5s 433 04:03:40 [INFO] E   7 | T:0.13310 V:0.01944 | RMSE:0.21369 RealRMSE:0.21369 | End:0.18902 RealEnd:0.18902 | NFE:1026 | Viol:0.00% | Skip:0 | LR:7.7e-05
331.0s 434 04:04:12 [INFO] E   8 | T:0.20603 V:0.01914 | RMSE:0.21228 RealRMSE:0.21228 | End:0.18485 RealEnd:0.18485 | NFE:1060 | Viol:0.00% | Skip:0 | LR:7.7e-05
331.0s 435 
331.0s 436 04:04:12 [INFO] E   8 | T:0.20603 V:0.01914 | RMSE:0.21228 RealRMSE:0.21228 | End:0.18485 RealEnd:0.18485 | NFE:1060 | Viol:0.00% | Skip:0 | LR:7.7e-05
365.5s 437 04:04:47 [INFO] E   9 | T:0.22943 V:0.01936 | RMSE:0.21385 RealRMSE:0.21385 | End:0.18503 RealEnd:0.18503 | NFE:1126 | Viol:0.00% | Skip:0 | LR:7.6e-05
365.5s 438 
365.5s 439 04:04:47 [INFO] E   9 | T:0.22943 V:0.01936 | RMSE:0.21385 RealRMSE:0.21385 | End:0.18503 RealEnd:0.18503 | NFE:1126 | Viol:0.00% | Skip:0 | LR:7.6e-05
399.7s 440 04:05:21 [INFO] E  10 | T:0.13617 V:0.02016 | RMSE:0.21832 RealRMSE:0.21832 | End:0.19228 RealEnd:0.19228 | NFE:1104 | Viol:0.00% | Skip:0 | LR:7.5e-05
399.7s 441 
399.7s 442 04:05:21 [INFO] E  10 | T:0.13617 V:0.02016 | RMSE:0.21832 RealRMSE:0.21832 | End:0.19228 RealEnd:0.19228 | NFE:1104 | Viol:0.00% | Skip:0 | LR:7.5e-05
432.0s 443 04:05:53 [INFO] E  11 | T:0.15960 V:0.01997 | RMSE:0.21729 RealRMSE:0.21729 | End:0.19067 RealEnd:0.19067 | NFE:1066 | Viol:0.00% | Skip:0 | LR:7.4e-05
432.0s 444 
432.0s 445 04:05:53 [INFO] E  11 | T:0.15960 V:0.01997 | RMSE:0.21729 RealRMSE:0.21729 | End:0.19067 RealEnd:0.19067 | NFE:1066 | Viol:0.00% | Skip:0 | LR:7.4e-05
464.8s 446 04:06:26 [INFO] E  12 | T:0.12643 V:0.01911 | RMSE:0.21246 RealRMSE:0.21246 | End:0.18352 RealEnd:0.18352 | NFE:1076 | Viol:0.00% | Skip:0 | LR:7.2e-05
464.8s 447 
464.8s 448 04:06:26 [INFO] E  12 | T:0.12643 V:0.01911 | RMSE:0.21246 RealRMSE:0.21246 | End:0.18352 RealEnd:0.18352 | NFE:1076 | Viol:0.00% | Skip:0 | LR:7.2e-05
497.7s 449 04:06:59 [INFO] E  13 | T:0.15138 V:0.01935 | RMSE:0.21332 RealRMSE:0.21332 | End:0.18789 RealEnd:0.18789 | NFE:1084 | Viol:0.00% | Skip:0 | LR:7.1e-05
497.7s 450 
497.7s 451 04:06:59 [INFO] E  13 | T:0.15138 V:0.01935 | RMSE:0.21332 RealRMSE:0.21332 | End:0.18789 RealEnd:0.18789 | NFE:1084 | Viol:0.00% | Skip:0 | LR:7.1e-05
529.8s 452 04:07:31 [INFO] E  14 | T:0.16751 V:0.01933 | RMSE:0.21319 RealRMSE:0.21319 | End:0.18771 RealEnd:0.18771 | NFE:1054 | Viol:0.00% | Skip:0 | LR:7.0e-05
529.8s 453 
529.8s 454 04:07:31 [INFO] E  14 | T:0.16751 V:0.01933 | RMSE:0.21319 RealRMSE:0.21319 | End:0.18771 RealEnd:0.18771 | NFE:1054 | Viol:0.00% | Skip:0 | LR:7.0e-05
562.3s 455 04:08:04 [INFO] E  15 | T:0.13339 V:0.01905 | RMSE:0.21187 RealRMSE:0.21187 | End:0.18354 RealEnd:0.18354 | NFE:1061 | Viol:0.00% | Skip:0 | LR:6.8e-05
562.3s 456 
562.3s 457 04:08:04 [INFO] E  15 | T:0.13339 V:0.01905 | RMSE:0.21187 RealRMSE:0.21187 | End:0.18354 RealEnd:0.18354 | NFE:1061 | Viol:0.00% | Skip:0 | LR:6.8e-05
596.2s 458 04:08:38 [INFO] E  16 | T:0.12714 V:0.01906 | RMSE:0.21205 RealRMSE:0.21205 | End:0.18310 RealEnd:0.18310 | NFE:1102 | Viol:0.00% | Skip:0 | LR:6.7e-05
596.2s 459 
596.2s 460 04:08:38 [INFO] E  16 | T:0.12714 V:0.01906 | RMSE:0.21205 RealRMSE:0.21205 | End:0.18310 RealEnd:0.18310 | NFE:1102 | Viol:0.00% | Skip:0 | LR:6.7e-05
628.5s 461 04:09:10 [INFO] E  17 | T:0.14570 V:0.01909 | RMSE:0.21203 RealRMSE:0.21203 | End:0.18401 RealEnd:0.18401 | NFE:1050 | Viol:0.00% | Skip:0 | LR:6.5e-05
628.5s 462 
628.5s 463 04:09:10 [INFO] E  17 | T:0.14570 V:0.01909 | RMSE:0.21203 RealRMSE:0.21203 | End:0.18401 RealEnd:0.18401 | NFE:1050 | Viol:0.00% | Skip:0 | LR:6.5e-05
661.4s 464 04:09:43 [INFO] E  18 | T:0.15881 V:0.01926 | RMSE:0.21283 RealRMSE:0.21283 | End:0.18706 RealEnd:0.18706 | NFE:1055 | Viol:0.00% | Skip:0 | LR:6.4e-05
661.4s 465 
661.4s 466 04:09:43 [INFO] E  18 | T:0.15881 V:0.01926 | RMSE:0.21283 RealRMSE:0.21283 | End:0.18706 RealEnd:0.18706 | NFE:1055 | Viol:0.00% | Skip:0 | LR:6.4e-05
692.9s 467 04:10:14 [INFO] E  19 | T:0.12722 V:0.01912 | RMSE:0.21217 RealRMSE:0.21217 | End:0.18473 RealEnd:0.18473 | NFE:1014 | Viol:0.00% | Skip:0 | LR:6.2e-05
692.9s 468 
692.9s 469 04:10:14 [INFO] E  19 | T:0.12722 V:0.01912 | RMSE:0.21217 RealRMSE:0.21217 | End:0.18473 RealEnd:0.18473 | NFE:1014 | Viol:0.00% | Skip:0 | LR:6.2e-05
724.6s 470 04:10:46 [INFO] E  20 | T:0.12077 V:0.01915 | RMSE:0.21254 RealRMSE:0.21254 | End:0.18458 RealEnd:0.18458 | NFE:1034 | Viol:0.00% | Skip:0 | LR:6.0e-05
724.6s 471 
724.6s 472 04:10:46 [INFO] E  20 | T:0.12077 V:0.01915 | RMSE:0.21254 RealRMSE:0.21254 | End:0.18458 RealEnd:0.18458 | NFE:1034 | Viol:0.00% | Skip:0 | LR:6.0e-05
755.5s 473 04:11:17 [INFO] E  21 | T:0.13314 V:0.01934 | RMSE:0.21373 RealRMSE:0.21373 | End:0.18560 RealEnd:0.18560 | NFE:1026 | Viol:0.00% | Skip:0 | LR:5.8e-05
755.5s 474 
755.5s 475 04:11:17 [INFO] E  21 | T:0.13314 V:0.01934 | RMSE:0.21373 RealRMSE:0.21373 | End:0.18560 RealEnd:0.18560 | NFE:1026 | Viol:0.00% | Skip:0 | LR:5.8e-05
788.9s 476 04:11:50 [INFO] E  22 | T:0.17416 V:0.01920 | RMSE:0.21288 RealRMSE:0.21288 | End:0.18505 RealEnd:0.18505 | NFE:1103 | Viol:0.00% | Skip:0 | LR:5.7e-05
788.9s 477 
788.9s 478 04:11:50 [INFO] E  22 | T:0.17416 V:0.01920 | RMSE:0.21288 RealRMSE:0.21288 | End:0.18505 RealEnd:0.18505 | NFE:1103 | Viol:0.00% | Skip:0 | LR:5.7e-05
821.2s 479 04:12:23 [INFO] E  23 | T:0.14886 V:0.01914 | RMSE:0.21242 RealRMSE:0.21242 | End:0.18455 RealEnd:0.18455 | NFE:1078 | Viol:0.00% | Skip:0 | LR:5.5e-05
821.2s 480 
821.2s 481 04:12:23 [INFO] E  23 | T:0.14886 V:0.01914 | RMSE:0.21242 RealRMSE:0.21242 | End:0.18455 RealEnd:0.18455 | NFE:1078 | Viol:0.00% | Skip:0 | LR:5.5e-05
854.5s 482 04:12:56 [INFO] E  24 | T:0.13270 V:0.01915 | RMSE:0.21228 RealRMSE:0.21228 | End:0.18469 RealEnd:0.18469 | NFE:1090 | Viol:0.00% | Skip:0 | LR:5.3e-05
854.5s 483 
854.5s 484 04:12:56 [INFO] E  24 | T:0.13270 V:0.01915 | RMSE:0.21228 RealRMSE:0.21228 | End:0.18469 RealEnd:0.18469 | NFE:1090 | Viol:0.00% | Skip:0 | LR:5.3e-05
885.9s 485 04:13:27 [INFO] E  25 | T:0.10555 V:0.01923 | RMSE:0.21267 RealRMSE:0.21267 | End:0.18621 RealEnd:0.18621 | NFE:1040 | Viol:0.00% | Skip:0 | LR:5.1e-05
885.9s 486 
885.9s 487 04:13:27 [INFO] E  25 | T:0.10555 V:0.01923 | RMSE:0.21267 RealRMSE:0.21267 | End:0.18621 RealEnd:0.18621 | NFE:1040 | Viol:0.00% | Skip:0 | LR:5.1e-05
918.4s 488 04:14:00 [INFO] E  26 | T:0.13656 V:0.01928 | RMSE:0.21293 RealRMSE:0.21293 | End:0.18682 RealEnd:0.18682 | NFE:1084 | Viol:0.00% | Skip:0 | LR:4.9e-05
918.4s 489 
918.4s 490 04:14:00 [INFO] E  26 | T:0.13656 V:0.01928 | RMSE:0.21293 RealRMSE:0.21293 | End:0.18682 RealEnd:0.18682 | NFE:1084 | Viol:0.00% | Skip:0 | LR:4.9e-05
950.2s 491 04:14:32 [INFO] E  27 | T:0.11280 V:0.01917 | RMSE:0.21242 RealRMSE:0.21242 | End:0.18495 RealEnd:0.18495 | NFE:1072 | Viol:0.00% | Skip:0 | LR:4.7e-05
950.2s 492 
950.2s 493 04:14:32 [INFO] E  27 | T:0.11280 V:0.01917 | RMSE:0.21242 RealRMSE:0.21242 | End:0.18495 RealEnd:0.18495 | NFE:1072 | Viol:0.00% | Skip:0 | LR:4.7e-05
983.6s 494 04:15:05 [INFO] E  28 | T:0.13733 V:0.01914 | RMSE:0.21237 RealRMSE:0.21237 | End:0.18486 RealEnd:0.18486 | NFE:1109 | Viol:0.00% | Skip:0 | LR:4.5e-05
983.6s 495 
983.6s 496 04:15:05 [INFO] E  28 | T:0.13733 V:0.01914 | RMSE:0.21237 RealRMSE:0.21237 | End:0.18486 RealEnd:0.18486 | NFE:1109 | Viol:0.00% | Skip:0 | LR:4.5e-05
1016.2s 497 04:15:38 [INFO] E  29 | T:0.15148 V:0.01912 | RMSE:0.21221 RealRMSE:0.21221 | End:0.18445 RealEnd:0.18445 | NFE:1085 | Viol:0.00% | Skip:0 | LR:4.3e-05
1016.2s 498 
1016.2s 499 04:15:38 [INFO] E  29 | T:0.15148 V:0.01912 | RMSE:0.21221 RealRMSE:0.21221 | End:0.18445 RealEnd:0.18445 | NFE:1085 | Viol:0.00% | Skip:0 | LR:4.3e-05
1050.1s 500 04:16:11 [INFO] E  30 | T:0.09603 V:0.01902 | RMSE:0.21172 RealRMSE:0.21172 | End:0.18281 RealEnd:0.18281 | NFE:1122 | Viol:0.00% | Skip:0 | LR:4.1e-05
1050.1s 501 
1050.1s 502 04:16:11 [INFO] E  30 | T:0.09603 V:0.01902 | RMSE:0.21172 RealRMSE:0.21172 | End:0.18281 RealEnd:0.18281 | NFE:1122 | Viol:0.00% | Skip:0 | LR:4.1e-05
1082.2s 503 04:16:43 [INFO] E  31 | T:0.14336 V:0.01898 | RMSE:0.21154 RealRMSE:0.21154 | End:0.18219 RealEnd:0.18219 | NFE:1061 | Viol:0.00% | Skip:0 | LR:3.8e-05
1082.2s 504 
1082.2s 505 04:16:43 [INFO] E  31 | T:0.14336 V:0.01898 | RMSE:0.21154 RealRMSE:0.21154 | End:0.18219 RealEnd:0.18219 | NFE:1061 | Viol:0.00% | Skip:0 | LR:3.8e-05
1114.4s 506 04:17:16 [INFO] E  32 | T:0.15635 V:0.01897 | RMSE:0.21151 RealRMSE:0.21151 | End:0.18210 RealEnd:0.18210 | NFE:1067 | Viol:0.00% | Skip:0 | LR:3.6e-05
1114.4s 507 
1114.4s 508 04:17:16 [INFO] E  32 | T:0.15635 V:0.01897 | RMSE:0.21151 RealRMSE:0.21151 | End:0.18210 RealEnd:0.18210 | NFE:1067 | Viol:0.00% | Skip:0 | LR:3.6e-05
1147.2s 509 04:17:48 [INFO] E  33 | T:0.09796 V:0.01896 | RMSE:0.21145 RealRMSE:0.21145 | End:0.18191 RealEnd:0.18191 | NFE:1070 | Viol:0.00% | Skip:0 | LR:3.4e-05
1147.2s 510 
1147.2s 511 04:17:48 [INFO] E  33 | T:0.09796 V:0.01896 | RMSE:0.21145 RealRMSE:0.21145 | End:0.18191 RealEnd:0.18191 | NFE:1070 | Viol:0.00% | Skip:0 | LR:3.4e-05
1178.5s 512 04:18:20 [INFO] E  34 | T:0.15581 V:0.01897 | RMSE:0.21149 RealRMSE:0.21149 | End:0.18253 RealEnd:0.18253 | NFE:1037 | Viol:0.00% | Skip:0 | LR:3.2e-05
1178.5s 513 
1178.5s 514 04:18:20 [INFO] E  34 | T:0.15581 V:0.01897 | RMSE:0.21149 RealRMSE:0.21149 | End:0.18253 RealEnd:0.18253 | NFE:1037 | Viol:0.00% | Skip:0 | LR:3.2e-05
1212.5s 515 04:18:54 [INFO] E  35 | T:0.15663 V:0.01899 | RMSE:0.21155 RealRMSE:0.21155 | End:0.18295 RealEnd:0.18295 | NFE:1126 | Viol:0.00% | Skip:0 | LR:3.0e-05
1212.5s 516 
1212.5s 517 04:18:54 [INFO] E  35 | T:0.15663 V:0.01899 | RMSE:0.21155 RealRMSE:0.21155 | End:0.18295 RealEnd:0.18295 | NFE:1126 | Viol:0.00% | Skip:0 | LR:3.0e-05
1244.1s 518 04:19:25 [INFO] E  36 | T:0.12801 V:0.01911 | RMSE:0.21210 RealRMSE:0.21210 | End:0.18517 RealEnd:0.18517 | NFE:1038 | Viol:0.00% | Skip:0 | LR:2.8e-05
1244.1s 519 
1244.1s 520 04:19:25 [INFO] E  36 | T:0.12801 V:0.01911 | RMSE:0.21210 RealRMSE:0.21210 | End:0.18517 RealEnd:0.18517 | NFE:1038 | Viol:0.00% | Skip:0 | LR:2.8e-05
1276.4s 521 04:19:58 [INFO] E  37 | T:0.13283 V:0.01917 | RMSE:0.21245 RealRMSE:0.21245 | End:0.18598 RealEnd:0.18598 | NFE:1076 | Viol:0.00% | Skip:0 | LR:2.6e-05
1276.4s 522 
1276.4s 523 04:19:58 [INFO] E  37 | T:0.13283 V:0.01917 | RMSE:0.21245 RealRMSE:0.21245 | End:0.18598 RealEnd:0.18598 | NFE:1076 | Viol:0.00% | Skip:0 | LR:2.6e-05
1309.7s 524 04:20:31 [INFO] E  38 | T:0.21283 V:0.01912 | RMSE:0.21218 RealRMSE:0.21218 | End:0.18534 RealEnd:0.18534 | NFE:1102 | Viol:0.00% | Skip:0 | LR:2.4e-05
1309.7s 525 
1309.7s 526 04:20:31 [INFO] E  38 | T:0.21283 V:0.01912 | RMSE:0.21218 RealRMSE:0.21218 | End:0.18534 RealEnd:0.18534 | NFE:1102 | Viol:0.00% | Skip:0 | LR:2.4e-05
1341.8s 527 04:21:03 [INFO] E  39 | T:0.16677 V:0.01905 | RMSE:0.21182 RealRMSE:0.21182 | End:0.18382 RealEnd:0.18382 | NFE:1068 | Viol:0.00% | Skip:0 | LR:2.3e-05
1341.8s 528 
1341.8s 529 04:21:03 [INFO] E  39 | T:0.16677 V:0.01905 | RMSE:0.21182 RealRMSE:0.21182 | End:0.18382 RealEnd:0.18382 | NFE:1068 | Viol:0.00% | Skip:0 | LR:2.3e-05
1374.7s 530 04:21:36 [INFO] E  40 | T:0.12801 V:0.01904 | RMSE:0.21179 RealRMSE:0.21179 | End:0.18305 RealEnd:0.18305 | NFE:1102 | Viol:0.00% | Skip:0 | LR:2.1e-05
1374.7s 531 
1374.7s 532 04:21:36 [INFO] E  40 | T:0.12801 V:0.01904 | RMSE:0.21179 RealRMSE:0.21179 | End:0.18305 RealEnd:0.18305 | NFE:1102 | Viol:0.00% | Skip:0 | LR:2.1e-05
1407.9s 533 04:22:09 [INFO] E  41 | T:0.19380 V:0.01906 | RMSE:0.21189 RealRMSE:0.21189 | End:0.18331 RealEnd:0.18331 | NFE:1085 | Viol:0.00% | Skip:0 | LR:1.9e-05
1407.9s 534 
1407.9s 535 04:22:09 [INFO] E  41 | T:0.19380 V:0.01906 | RMSE:0.21189 RealRMSE:0.21189 | End:0.18331 RealEnd:0.18331 | NFE:1085 | Viol:0.00% | Skip:0 | LR:1.9e-05
1440.7s 536 04:22:42 [INFO] E  42 | T:0.11750 V:0.01907 | RMSE:0.21197 RealRMSE:0.21197 | End:0.18348 RealEnd:0.18348 | NFE:1058 | Viol:0.00% | Skip:0 | LR:1.7e-05
1440.7s 537 
1440.7s 538 04:22:42 [INFO] E  42 | T:0.11750 V:0.01907 | RMSE:0.21197 RealRMSE:0.21197 | End:0.18348 RealEnd:0.18348 | NFE:1058 | Viol:0.00% | Skip:0 | LR:1.7e-05
1474.3s 539 04:23:16 [INFO] E  43 | T:0.13830 V:0.01908 | RMSE:0.21204 RealRMSE:0.21204 | End:0.18376 RealEnd:0.18376 | NFE:1100 | Viol:0.00% | Skip:0 | LR:1.6e-05
1474.3s 540 
1474.3s 541 04:23:16 [INFO] E  43 | T:0.13830 V:0.01908 | RMSE:0.21204 RealRMSE:0.21204 | End:0.18376 RealEnd:0.18376 | NFE:1100 | Viol:0.00% | Skip:0 | LR:1.6e-05
1506.3s 542 04:23:48 [INFO] E  44 | T:0.15642 V:0.01911 | RMSE:0.21219 RealRMSE:0.21219 | End:0.18439 RealEnd:0.18439 | NFE:1043 | Viol:0.00% | Skip:0 | LR:1.4e-05
1506.3s 543 
1506.3s 544 04:23:48 [INFO] E  44 | T:0.15642 V:0.01911 | RMSE:0.21219 RealRMSE:0.21219 | End:0.18439 RealEnd:0.18439 | NFE:1043 | Viol:0.00% | Skip:0 | LR:1.4e-05
1537.8s 545 04:24:19 [INFO] E  45 | T:0.10340 V:0.01914 | RMSE:0.21245 RealRMSE:0.21245 | End:0.18491 RealEnd:0.18491 | NFE:1046 | Viol:0.00% | Skip:0 | LR:1.3e-05
1537.8s 546 
1537.8s 547 04:24:19 [INFO] E  45 | T:0.10340 V:0.01914 | RMSE:0.21245 RealRMSE:0.21245 | End:0.18491 RealEnd:0.18491 | NFE:1046 | Viol:0.00% | Skip:0 | LR:1.3e-05
1571.4s 548 04:24:53 [INFO] E  46 | T:0.10874 V:0.01914 | RMSE:0.21240 RealRMSE:0.21240 | End:0.18492 RealEnd:0.18492 | NFE:1116 | Viol:0.00% | Skip:0 | LR:1.1e-05
1571.4s 549 
1571.4s 550 04:24:53 [INFO] E  46 | T:0.10874 V:0.01914 | RMSE:0.21240 RealRMSE:0.21240 | End:0.18492 RealEnd:0.18492 | NFE:1116 | Viol:0.00% | Skip:0 | LR:1.1e-05
1603.9s 551 04:25:25 [INFO] E  47 | T:0.15664 V:0.01911 | RMSE:0.21217 RealRMSE:0.21217 | End:0.18431 RealEnd:0.18431 | NFE:1079 | Viol:0.00% | Skip:0 | LR:9.8e-06
1603.9s 552 
1603.9s 553 04:25:25 [INFO] E  47 | T:0.15664 V:0.01911 | RMSE:0.21217 RealRMSE:0.21217 | End:0.18431 RealEnd:0.18431 | NFE:1079 | Viol:0.00% | Skip:0 | LR:9.8e-06
1635.9s 554 04:25:57 [INFO] E  48 | T:0.16362 V:0.01910 | RMSE:0.21212 RealRMSE:0.21212 | End:0.18407 RealEnd:0.18407 | NFE:1066 | Viol:0.00% | Skip:0 | LR:8.5e-06
1635.9s 555 
1635.9s 556 04:25:57 [INFO] E  48 | T:0.16362 V:0.01910 | RMSE:0.21212 RealRMSE:0.21212 | End:0.18407 RealEnd:0.18407 | NFE:1066 | Viol:0.00% | Skip:0 | LR:8.5e-06
1667.7s 557 04:26:29 [INFO] E  49 | T:0.14082 V:0.01909 | RMSE:0.21210 RealRMSE:0.21210 | End:0.18411 RealEnd:0.18411 | NFE:1055 | Viol:0.00% | Skip:0 | LR:7.4e-06
1667.7s 558 
1667.7s 559 04:26:29 [INFO] E  49 | T:0.14082 V:0.01909 | RMSE:0.21210 RealRMSE:0.21210 | End:0.18411 RealEnd:0.18411 | NFE:1055 | Viol:0.00% | Skip:0 | LR:7.4e-06
1698.4s 560 04:27:00 [INFO] E  50 | T:0.10692 V:0.01909 | RMSE:0.21213 RealRMSE:0.21213 | End:0.18428 RealEnd:0.18428 | NFE:1031 | Viol:0.00% | Skip:0 | LR:6.3e-06
1698.4s 561 
1698.4s 562 04:27:00 [INFO] E  50 | T:0.10692 V:0.01909 | RMSE:0.21213 RealRMSE:0.21213 | End:0.18428 RealEnd:0.18428 | NFE:1031 | Viol:0.00% | Skip:0 | LR:6.3e-06
1731.2s 563 04:27:32 [INFO] E  51 | T:0.14635 V:0.01911 | RMSE:0.21226 RealRMSE:0.21226 | End:0.18456 RealEnd:0.18456 | NFE:1097 | Viol:0.00% | Skip:0 | LR:5.3e-06
1731.2s 564 
1731.2s 565 04:27:32 [INFO] E  51 | T:0.14635 V:0.01911 | RMSE:0.21226 RealRMSE:0.21226 | End:0.18456 RealEnd:0.18456 | NFE:1097 | Viol:0.00% | Skip:0 | LR:5.3e-06
1762.3s 566 04:28:04 [INFO] E  52 | T:0.18380 V:0.01911 | RMSE:0.21228 RealRMSE:0.21228 | End:0.18459 RealEnd:0.18459 | NFE:1037 | Viol:0.00% | Skip:0 | LR:4.4e-06
1762.3s 567 
1762.3s 568 04:28:04 [INFO] E  52 | T:0.18380 V:0.01911 | RMSE:0.21228 RealRMSE:0.21228 | End:0.18459 RealEnd:0.18459 | NFE:1037 | Viol:0.00% | Skip:0 | LR:4.4e-06
1795.4s 569 04:28:37 [INFO] E  53 | T:0.12586 V:0.01910 | RMSE:0.21221 RealRMSE:0.21221 | End:0.18444 RealEnd:0.18444 | NFE:1115 | Viol:0.00% | Skip:0 | LR:3.6e-06
1795.4s 570 
1795.4s 571 04:28:37 [INFO] E  53 | T:0.12586 V:0.01910 | RMSE:0.21221 RealRMSE:0.21221 | End:0.18444 RealEnd:0.18444 | NFE:1115 | Viol:0.00% | Skip:0 | LR:3.6e-06
1827.7s 572 04:29:09 [INFO] E  54 | T:0.13557 V:0.01908 | RMSE:0.21208 RealRMSE:0.21208 | End:0.18415 RealEnd:0.18415 | NFE:1073 | Viol:0.00% | Skip:0 | LR:2.9e-06
1827.7s 573 
1827.7s 574 04:29:09 [INFO] E  54 | T:0.13557 V:0.01908 | RMSE:0.21208 RealRMSE:0.21208 | End:0.18415 RealEnd:0.18415 | NFE:1073 | Viol:0.00% | Skip:0 | LR:2.9e-06
1858.7s 575 04:29:40 [INFO] E  55 | T:0.16220 V:0.01907 | RMSE:0.21201 RealRMSE:0.21201 | End:0.18396 RealEnd:0.18396 | NFE:1042 | Viol:0.00% | Skip:0 | LR:2.3e-06
1858.7s 576 
1858.7s 577 04:29:40 [INFO] E  55 | T:0.16220 V:0.01907 | RMSE:0.21201 RealRMSE:0.21201 | End:0.18396 RealEnd:0.18396 | NFE:1042 | Viol:0.00% | Skip:0 | LR:2.3e-06
1890.1s 578 04:30:11 [INFO] E  56 | T:0.11717 V:0.01907 | RMSE:0.21201 RealRMSE:0.21201 | End:0.18395 RealEnd:0.18395 | NFE:1046 | Viol:0.00% | Skip:0 | LR:1.9e-06
1890.1s 579 
1890.1s 580 04:30:11 [INFO] E  56 | T:0.11717 V:0.01907 | RMSE:0.21201 RealRMSE:0.21201 | End:0.18395 RealEnd:0.18395 | NFE:1046 | Viol:0.00% | Skip:0 | LR:1.9e-06
1921.8s 581 04:30:43 [INFO] E  57 | T:0.09313 V:0.01907 | RMSE:0.21201 RealRMSE:0.21201 | End:0.18396 RealEnd:0.18396 | NFE:1064 | Viol:0.00% | Skip:0 | LR:1.5e-06
1921.8s 582 
1921.8s 583 04:30:43 [INFO] E  57 | T:0.09313 V:0.01907 | RMSE:0.21201 RealRMSE:0.21201 | End:0.18396 RealEnd:0.18396 | NFE:1064 | Viol:0.00% | Skip:0 | LR:1.5e-06
1953.7s 584 04:31:15 [INFO] E  58 | T:0.15577 V:0.01907 | RMSE:0.21202 RealRMSE:0.21202 | End:0.18399 RealEnd:0.18399 | NFE:1060 | Viol:0.00% | Skip:0 | LR:1.2e-06
1953.7s 585 
1953.7s 586 04:31:15 [INFO] E  58 | T:0.15577 V:0.01907 | RMSE:0.21202 RealRMSE:0.21202 | End:0.18399 RealEnd:0.18399 | NFE:1060 | Viol:0.00% | Skip:0 | LR:1.2e-06
1986.8s 587 04:31:48 [INFO] E  59 | T:0.18542 V:0.01907 | RMSE:0.21203 RealRMSE:0.21203 | End:0.18402 RealEnd:0.18402 | NFE:1100 | Viol:0.00% | Skip:0 | LR:1.1e-06
1986.8s 588 
1986.8s 589 04:31:48 [INFO] E  59 | T:0.18542 V:0.01907 | RMSE:0.21203 RealRMSE:0.21203 | End:0.18402 RealEnd:0.18402 | NFE:1100 | Viol:0.00% | Skip:0 | LR:1.1e-06
2019.2s 590 04:32:21 [INFO] E  60 | T:0.09337 V:0.01908 | RMSE:0.21204 RealRMSE:0.21204 | End:0.18405 RealEnd:0.18405 | NFE:1090 | Viol:0.00% | Skip:0 | LR:1.0e-06
2019.2s 591 
2019.2s 592 04:32:21 [INFO] E  60 | T:0.09337 V:0.01908 | RMSE:0.21204 RealRMSE:0.21204 | End:0.18405 RealEnd:0.18405 | NFE:1090 | Viol:0.00% | Skip:0 | LR:1.0e-06
2019.2s 593 04:32:21 [INFO] Done in 32.4m | Best val_real_rmse: 0.211454
2019.2s 594 
2019.2s 595 04:32:21 [INFO] Done in 32.4m | Best val_real_rmse: 0.211454
2019.9s 596 
2019.9s 597 [5/5] Final evaluation (best from stage2)...
2040.2s 598 [final_val_full] rmse=0.02410 real_rmse=0.21145 endpoint=0.03724 real_endpoint=0.18191
2061.0s 599 [final_test_full] rmse=0.02916 real_rmse=0.32797 endpoint=0.05026 real_endpoint=0.28787
2063.2s 600 [final_val_real] rmse=0.21145 real_rmse=0.21145 endpoint=0.18191 real_endpoint=0.18191
2065.5s 601 [final_test_real] rmse=0.32797 real_rmse=0.32797 endpoint=0.28787 real_endpoint=0.28787
2065.6s 602 
2065.6s 603 Generating figures...
2070.2s 604 parity_real.png saved
2070.6s 605 
2070.6s 606 ================================================================================
2070.6s 607 RUN COMPLETE
2070.6s 608 ================================================================================
2070.6s 609 Runtime: 34.19 minutes
2070.6s 610 Final stage: stage2
2070.6s 611 Best val_real_rmse: 0.211454
2070.6s 612 
2070.6s 613 --- STAGE-1 BASELINE ---
2070.6s 614 {
2070.6s 615 "val_full": {
2070.6s 616 "name": "s1_val_full",
2070.6s 617 "loss_total": 0.0003483825982714604,
2070.6s 618 "rmse": 0.023443417783716215,
2070.6s 619 "real_rmse": 0.21278220224300476,
2070.6s 620 "mae": 0.010918231913165278,
2070.6s 621 "real_mae": 0.18622897565364838,
2070.6s 622 "endpoint_mae": 0.03537334990245585,
2070.6s 623 "real_endpoint_mae": 0.1862289784476161,
2070.6s 624 "n_obs": 8536,
2070.6s 625 "n_real_obs": 16,
2070.6s 626 "curves": 158,
2070.6s 627 "points": 8552
2070.6s 628 },
2070.6s 629 "test_full": {
2070.6s 630 "name": "s1_test_full",
2070.6s 631 "loss_total": 0.0005696036241715774,
2070.6s 632 "rmse": 0.0281006653664426,
2070.6s 633 "real_rmse": 0.31367722678183574,
2070.6s 634 "mae": 0.01255069126679684,
2070.6s 635 "real_mae": 0.27102907080399363,
2070.6s 636 "endpoint_mae": 0.04829492287361795,
2070.6s 637 "real_endpoint_mae": 0.2924069822765887,
2070.6s 638 "n_obs": 8599,
2070.6s 639 "n_real_obs": 19,
2070.6s 640 "curves": 159,
2070.6s 641 "points": 8615
2070.6s 642 },
2070.6s 643 "val_real": {
2070.6s 644 "name": "s1_val_real",
2070.6s 645 "loss_total": 0.019244659692049026,
2070.6s 646 "rmse": 0.2127822460118195,
2070.6s 647 "real_rmse": 0.2127822460118195,
2070.6s 648 "mae": 0.1862296462059021,
2070.6s 649 "real_mae": 0.1862296462059021,
2070.6s 650 "endpoint_mae": 0.18622965645045042,
2070.6s 651 "real_endpoint_mae": 0.18622965645045042,
2070.6s 652 "n_obs": 16,
2070.6s 653 "n_real_obs": 16,
2070.6s 654 "curves": 16,
2070.6s 655 "points": 32
2070.6s 656 },
2070.6s 657 "test_real": {
2070.6s 658 "name": "s1_test_real",
2070.6s 659 "loss_total": 0.04492919519543648,
2070.6s 660 "rmse": 0.3136772367828376,
2070.6s 661 "real_rmse": 0.3136772367828376,
2070.6s 662 "mae": 0.27102856887014287,
2070.6s 663 "real_mae": 0.27102856887014287,
2070.6s 664 "endpoint_mae": 0.292407491710037,
2070.6s 665 "real_endpoint_mae": 0.292407491710037,
2070.6s 666 "n_obs": 19,
2070.6s 667 "n_real_obs": 19,
2070.6s 668 "curves": 16,
2070.6s 669 "points": 35
2070.6s 670 }
2070.6s 671 }
2070.6s 672 
2070.6s 673 --- FINAL (after stage 2) ---
2070.6s 674 {
2070.6s 675 "val_full": {
2070.6s 676 "name": "final_val_full",
2070.6s 677 "loss_total": 0.0003619522467488423,
2070.6s 678 "rmse": 0.024103780883742917,
2070.6s 679 "real_rmse": 0.2114535306908187,
2070.6s 680 "mae": 0.011090901597370695,
2070.6s 681 "real_mae": 0.1819138526916504,
2070.6s 682 "endpoint_mae": 0.03724029718948339,
2070.6s 683 "real_endpoint_mae": 0.18191385781392455,
2070.6s 684 "n_obs": 8536,
2070.6s 685 "n_real_obs": 16,
2070.6s 686 "curves": 158,
2070.6s 687 "points": 8552
2070.6s 688 },
2070.6s 689 "test_full": {
2070.6s 690 "name": "final_test_full",
2070.6s 691 "loss_total": 0.0005969240987074695,
2070.6s 692 "rmse": 0.029162323340361902,
2070.6s 693 "real_rmse": 0.32796573837158993,
2070.6s 694 "mae": 0.012717953364867668,
2070.6s 695 "real_mae": 0.27695264314350326,
2070.6s 696 "endpoint_mae": 0.050264284756391914,
2070.6s 697 "real_endpoint_mae": 0.2878739661537111,
2070.6s 698 "n_obs": 8599,
2070.6s 699 "n_real_obs": 19,
2070.6s 700 "curves": 159,
2070.6s 701 "points": 8615
2070.6s 702 },
2070.6s 703 "val_real": {
2070.6s 704 "name": "final_val_real",
2070.6s 705 "loss_total": 0.018956739455461502,
2070.6s 706 "rmse": 0.21145354830835447,
2070.6s 707 "real_rmse": 0.21145354830835447,
2070.6s 708 "mae": 0.18191391229629517,
2070.6s 709 "real_mae": 0.18191391229629517,
2070.6s 710 "endpoint_mae": 0.18191392626613379,
2070.6s 711 "real_endpoint_mae": 0.18191392626613379,
2070.6s 712 "n_obs": 16,
2070.6s 713 "n_real_obs": 16,
2070.6s 714 "curves": 16,
2070.6s 715 "points": 32
2070.6s 716 },
2070.6s 717 "test_real": {
2070.6s 718 "name": "final_test_real",
2070.6s 719 "loss_total": 0.04727498069405556,
2070.6s 720 "rmse": 0.32796625489670644,
2070.6s 721 "real_rmse": 0.32796625489670644,
2070.6s 722 "mae": 0.2769530446905839,
2070.6s 723 "real_mae": 0.2769530446905839,
2070.6s 724 "endpoint_mae": 0.28787426417693496,
2070.6s 725 "real_endpoint_mae": 0.28787426417693496,
2070.6s 726 "n_obs": 19,
2070.6s 727 "n_real_obs": 19,
2070.6s 728 "curves": 16,
2070.6s 729 "points": 35
2070.6s 730 }
2070.6s 731 }
2070.6s 732 
2070.6s 733 Artifact zip: /kaggle/working/stage2_artifacts.zip
2076.4s 734 /usr/local/lib/python3.12/dist-packages/mistune.py:435: SyntaxWarning: invalid escape sequence '\|'
2076.4s 735 cells[i][c] = re.sub('\\\\\|', '|', cell)
2076.6s 736 /usr/local/lib/python3.12/dist-packages/nbconvert/filters/filter_links.py:36: SyntaxWarning: invalid escape sequence '\_'
2076.6s 737 text = re.sub(r'_', '\_', text) # Escape underscores in display text
2077.3s 738 [NbConvertApp] Converting notebook __notebook__.ipynb to notebook
2077.7s 739 [NbConvertApp] Writing 45901 bytes to __notebook__.ipynb
2080.4s 740 [NbConvertApp] Converting notebook __notebook__.ipynb to html
2081.5s 741 [NbConvertApp] Writing 378455 bytes to __results__.html