6.8s 1 0.00s - Debugger warning: It seems that frozen modules are being used, which may
6.8s 2 0.00s - make the debugger miss breakpoints. Please pass -Xfrozen_modules=off
6.8s 3 0.00s - to python to disable frozen modules.
6.8s 4 0.00s - Note: Debugging will proceed. Set PYDEVD_DISABLE_FILE_VALIDATION=1 to disable this validation.
7.4s 5 0.00s - Debugger warning: It seems that frozen modules are being used, which may
7.4s 6 0.00s - make the debugger miss breakpoints. Please pass -Xfrozen_modules=off
7.4s 7 0.00s - to python to disable frozen modules.
7.5s 8 0.00s - Note: Debugging will proceed. Set PYDEVD_DISABLE_FILE_VALIDATION=1 to disable this validation.
8.7s 9 Using recovered bundle from: /kaggle/input/datasets/atindatta2/kaggle-full-recovery-bundle-v1-zip/recovered_stage1_bundle_v1
8.7s 10 Copied files: ['KAGGLE_RECOVERY_SETUP.txt', 'stage1_last.pt', 'stage1_history.png', 'stage1_best.pt', 'kaggle_recover_from_stage1.py', 'stage1_history.csv']
8.7s 11 Writing /kaggle/working/stage2_only_retry_fixed.py
18.9s 12 Source -> /kaggle/input/datasets/atindatta2/asdfhojhfdsdfh/before_kaggle
20.1s 13 ==========================================================================================
20.1s 14 KAGGLE STAGE-2 ONLY RETRY FIXED
20.1s 15 ==========================================================================================
20.1s 16 Run version: 2026-04-28-stage2-retry-fixed
20.1s 17 UTC start: 2026-04-28T02:56:50.278537+00:00
20.2s 18 02:56:51 [INFO] ======================================================================
20.2s 19 EXPERIMENTAL DATA SUMMARY
20.2s 20 ======================================================================
20.2s 21 
20.2s 22 [gibbs_2011] Fe-7.1Mn-0.1C
20.2s 23 Source: Metallurgical and Materials Transactions A (2011)
20.2s 24 DOI: 10.1007/s11661-011-0736-2
20.2s 25 Initial: cold-rolled, 50% reduction
20.2s 26 Data: 5 points | T: 575-675°C | Quality: {'table'}
20.2s 27 
20.2s 28 [luo_2011] Fe-5.0Mn-0.2C
20.2s 29 Source: Acta Materialia (2011)
20.2s 30 DOI: 10.1016/j.actamat.2011.03.025
20.2s 31 Initial: cold-rolled martensitic
20.2s 32 Data: 7 points | T: 650-650°C | Quality: {'digitized_figure', 'text_reported'}
20.2s 33 
20.2s 34 [pmc11053108_2024] Fe-4.7Mn-0.16C-1.6Al-0.2Si-0.2Mo
20.2s 35 Source: Open Access (PMC) (2024)
20.2s 36 DOI: PMC11053108
20.2s 37 Initial: cold-rolled
20.2s 38 Data: 7 points | T: 640-1000°C | Quality: {'text_reported'}
20.2s 39 
20.2s 40 [pmc11173901_2024] Fe-9.4Mn-0.2C-4.3Al
20.2s 41 Source: Open Access (PMC) (2024)
20.2s 42 DOI: PMC11173901
20.2s 43 Initial: not specified
20.2s 44 Data: 3 points | T: 750-850°C | Quality: {'digitized_figure'}
20.2s 45 
20.2s 46 [pmc6266817_2018] Fe-5.0Mn-0.12C-1.0Al-0.2Mo-0.05Nb
20.2s 47 Source: Open Access (PMC) (2018)
20.2s 48 DOI: PMC6266817
20.2s 49 Initial: cold-rolled (CR)
20.2s 50 Data: 6 points | T: 600-750°C | Quality: {'digitized_figure', 'text_reported'}
20.2s 51 
20.2s 52 [pmc6266817_2018_HR] Fe-5.0Mn-0.12C-1.0Al-0.2Mo-0.05Nb
20.2s 53 Source: Open Access (PMC) (2018)
20.2s 54 DOI: PMC6266817
20.2s 55 Initial: hot-rolled (HR)
20.2s 56 Data: 4 points | T: 600-690°C | Quality: {'digitized_figure', 'text_reported'}
20.2s 57 
20.2s 58 [yan_2022] Fe-6.0Mn-0.15C-1.5Al-0.3Si
20.2s 59 Source: MDPI Metals / EBSD study (2022)
20.2s 60 DOI: yan_2022_EBSD
20.2s 61 Initial: cold-rolled
20.2s 62 Data: 3 points | T: 650-710°C | Quality: {'text_reported'}
20.2s 63 
20.2s 64 [aliabad_2026] Fe-6.0Mn-0.4C-2.0Al-1.0Si
20.2s 65 Source: Open Access (2026)
20.2s 66 DOI: aliabad_2026
20.2s 67 Initial: not specified
20.2s 68 Data: 2 points | T: 680-680°C | Quality: {'text_reported'}
20.2s 69 
20.2s 70 [frontiers_2020] Fe-8.0Mn-0.2C-3.0Al
20.2s 71 Source: Frontiers in Materials (2020)
20.2s 72 DOI: frontiers_2020
20.2s 73 Initial: not specified
20.2s 74 Data: 2 points | T: 680-680°C | Quality: {'text_reported'}
20.2s 75 
20.2s 76 [lpbf_2021] Fe-3.93Mn-0.23C-2.01Al-0.51Si
20.2s 77 Source: Materials (MDPI) (2021)
20.2s 78 DOI: MDPI_Materials_14_3081
20.2s 79 Initial: LPBF as-built
20.2s 80 Data: 3 points | T: 25-750°C | Quality: {'text_reported'}
20.2s 81 
20.2s 82 [demoor_2011] Fe-7.1Mn-0.11C
20.2s 83 Source: Scripta Materialia (2011)
20.2s 84 DOI: 10.1016/j.scriptamat.2010.09.040
20.2s 85 Initial: cold-rolled martensitic
20.2s 86 Data: 5 points | T: 600-600°C | Quality: {'digitized_figure'}
20.2s 87 
20.2s 88 [lee_decooman_2014] Fe-5.8Mn-0.12C-2.0Al
20.2s 89 Source: Metallurgical and Materials Transactions A (2013)
20.2s 90 DOI: 10.1007/s11661-013-1860-y
20.2s 91 Initial: cold-rolled martensitic
20.2s 92 Data: 6 points | T: 625-750°C | Quality: {'digitized_figure'}
20.2s 93 
20.2s 94 [nakada_2014] Fe-6.0Mn
20.2s 95 Source: Acta Materialia (2014)
20.2s 96 DOI: 10.1016/j.actamat.2013.10.067
20.2s 97 Initial: quenched martensite
20.2s 98 Data: 7 points | T: 500-675°C | Quality: {'digitized_figure'}
20.2s 99 
20.2s 100 [shi_2010] Fe-5.0Mn-0.2C
20.2s 101 Source: Scripta Materialia (2010)
20.2s 102 DOI: 10.1016/j.scriptamat.2010.06.023
20.2s 103 Initial: cold-rolled martensitic
20.2s 104 Data: 5 points | T: 620-680°C | Quality: {'digitized_figure'}
20.2s 105 
20.2s 106 [arlazarov_2012] Fe-5.0Mn-0.1C
20.2s 107 Source: Materials Science and Engineering: A (2012)
20.2s 108 DOI: 10.1016/j.msea.2012.02.024
20.2s 109 Initial: cold-rolled, double annealed
20.2s 110 Data: 5 points | T: 600-700°C | Quality: {'digitized_figure'}
20.2s 111 
20.2s 112 [han_2014] Fe-9.0Mn-0.05C
20.2s 113 Source: Materials Science and Engineering: A (2014)
20.2s 114 DOI: 10.1016/j.msea.2015.02.055
20.2s 115 Initial: water-quenched martensite
20.2s 116 Data: 6 points | T: 600-725°C | Quality: {'digitized_figure'}
20.2s 117 
20.2s 118 [miller_2013] Fe-5.8Mn-0.1C-0.5Si
20.2s 119 Source: Metallurgical Transactions (2013)
20.2s 120 DOI: 10.1007/BF02647665
20.2s 121 Initial: cold-rolled and annealed
20.2s 122 Data: 5 points | T: 600-700°C | Quality: {'digitized_figure'}
20.2s 123 
20.2s 124 [hu_luo_2017] Fe-7.0Mn-0.1C-0.5Al
20.2s 125 Source: Journal of Alloys and Compounds (2017)
20.2s 126 DOI: 10.1016/j.jallcom.2017.07.174
20.2s 127 Initial: warm-rolled
20.2s 128 Data: 4 points | T: 600-675°C | Quality: {'digitized_figure'}
20.2s 129 
20.2s 130 [cai_2016] Fe-10.0Mn-0.3C-2.0Al
20.2s 131 Source: Acta Materialia (2015)
20.2s 132 DOI: 10.1016/j.actamat.2014.10.052
20.2s 133 Initial: cold-rolled martensitic
20.2s 134 Data: 4 points | T: 625-700°C | Quality: {'digitized_figure'}
20.2s 135 
20.2s 136 [zhao_2014] Fe-7.9Mn-0.07C-0.05Al-0.14Si
20.2s 137 Source: Materials (2014)
20.2s 138 DOI: 10.3390/ma7127891
20.2s 139 Initial: cold-rolled martensitic
20.2s 140 Data: 7 points | T: 580-700°C | Quality: {'digitized_figure'}
20.2s 141 
20.2s 142 [suh_2017] Fe-6.0Mn-0.1C-3.0Al
20.2s 143 Source: Scripta Materialia (2017)
20.2s 144 DOI: 10.1016/j.scriptamat.2016.07.013
20.2s 145 Initial: cold-rolled martensitic
20.2s 146 Data: 5 points | T: 700-800°C | Quality: {'digitized_figure'}
20.2s 147 
20.2s 148 [sun_2018] Fe-12.0Mn-0.05C
20.2s 149 Source: Acta Materialia (2018)
20.2s 150 DOI: 10.1016/j.actamat.2018.02.005
20.2s 151 Initial: cold-rolled martensitic
20.2s 152 Data: 8 points | T: 575-675°C | Quality: {'digitized_figure'}
20.2s 153 
20.2s 154 [ma_2019] Fe-8.0Mn-0.2C-2.0Al-0.5Si
20.2s 155 Source: Materials (2019)
20.2s 156 DOI: 10.3390/ma12091402
20.2s 157 Initial: cold-rolled martensitic
20.2s 158 Data: 6 points | T: 625-750°C | Quality: {'digitized_figure'}
20.2s 159 
20.2s 160 [demoor_2015] Fe-7.0Mn-0.1C
20.2s 161 Source: ISIJ International (2015)
20.2s 162 DOI: 10.2355/isijinternational.55.234
20.2s 163 Initial: cold-rolled martensitic
20.2s 164 Data: 6 points | T: 620-620°C | Quality: {'digitized_figure'}
20.2s 165 
20.2s 166 [hausman_2017] Fe-6.0Mn-0.3C-0.5Si
20.2s 167 Source: Materials Science and Engineering: A (2017)
20.2s 168 DOI: 10.1016/j.msea.2016.12.055
20.2s 169 Initial: cold-rolled martensitic
20.2s 170 Data: 4 points | T: 575-650°C | Quality: {'digitized_figure'}
20.2s 171 
20.2s 172 ======================================================================
20.2s 173 TOTAL: 125 experimental data points from 25 studies
20.2s 174 ======================================================================
20.2s 175 02:56:51 [INFO] Loaded 125 experimental data points from 25 studies
20.2s 176 02:56:51 [INFO] No user CSV files found in /kaggle/working/final_project_4_stage2_retry_fixed/data/user_experimental
20.3s 177 02:56:51 [INFO] Converted 125 real measurements into 105 training curves (227 total points)
20.3s 178 02:56:51 [INFO] TIER 1 (Real): 105 curves, 227 points
20.7s 179 02:56:52 [INFO] Generated 250 calibrated synthetic curves (15000 points) | provenance='synthetic_calibrated'
20.7s 180 02:56:52 [INFO] TIER 2 (Calibrated Synthetic): 250 curves, 15000 points
21.9s 181 02:56:53 [INFO] Generated 700 exploratory synthetic curves (42000 points) | provenance='synthetic_exploratory'
21.9s 182 02:56:53 [INFO] TIER 3 (Exploratory Synthetic): 700 curves, 42000 points
21.9s 183 02:56:53 [INFO]
21.9s 184 ============================================================
21.9s 185 02:56:53 [INFO] FULL DATASET: 1055 curves, 57227 total points
21.9s 186 02:56:53 [INFO]   synthetic_exploratory: 42000 points
21.9s 187 02:56:53 [INFO]   synthetic_calibrated: 15000 points
21.9s 188 02:56:53 [INFO]   experimental: 227 points
21.9s 189 02:56:53 [INFO] ============================================================
21.9s 190 
22.2s 191 train_real curves after sanitize: 72 | points=159
22.2s 192 val_real curves after sanitize: 16 | points=32
22.2s 193 test_real curves after sanitize: 16 | points=35
22.2s 194 Recovered stage1 checkpoint: /kaggle/working/recovered_stage1_bundle/stage1_best.pt
27.5s 195 ============================================================
27.5s 196 Stage 2 FIXED on cuda | epochs=60 | lr=8e-05
27.5s 197 ============================================================
31.8s 198 [stage2] epoch 001 batch 008/072 avg_total=0.01156 avg_data=0.01156 avg_nfe=59.8 skipped=0
34.9s 199 [stage2] epoch 001 batch 016/072 avg_total=0.01240 avg_data=0.01240 avg_nfe=60.5 skipped=0
37.8s 200 [stage2] epoch 001 batch 024/072 avg_total=0.01121 avg_data=0.01121 avg_nfe=58.5 skipped=0
40.6s 201 [stage2] epoch 001 batch 032/072 avg_total=0.01012 avg_data=0.01012 avg_nfe=57.7 skipped=0
43.7s 202 [stage2] epoch 001 batch 040/072 avg_total=0.01013 avg_data=0.01013 avg_nfe=58.1 skipped=0
46.4s 203 [stage2] epoch 001 batch 048/072 avg_total=0.01134 avg_data=0.01134 avg_nfe=57.6 skipped=0
49.2s 204 [stage2] epoch 001 batch 056/072 avg_total=0.01085 avg_data=0.01085 avg_nfe=57.4 skipped=0
52.1s 205 [stage2] epoch 001 batch 064/072 avg_total=0.01190 avg_data=0.01190 avg_nfe=57.2 skipped=0
55.0s 206 [stage2] epoch 001 batch 072/072 avg_total=0.01265 avg_data=0.01265 avg_nfe=57.2 skipped=0
57.0s 207 E   1 | T:0.01265 V:0.01986 | RMSE:0.21670 RealRMSE:0.21670 | End:0.18963 RealEnd:0.18963 | NFE:57 | Skip:0 | LR:8.0e-05
60.0s 208 [stage2] epoch 002 batch 008/072 avg_total=0.00913 avg_data=0.00913 avg_nfe=61.2 skipped=0
63.0s 209 [stage2] epoch 002 batch 016/072 avg_total=0.01033 avg_data=0.01033 avg_nfe=60.5 skipped=0
65.8s 210 [stage2] epoch 002 batch 024/072 avg_total=0.01205 avg_data=0.01205 avg_nfe=59.0 skipped=0
68.6s 211 [stage2] epoch 002 batch 032/072 avg_total=0.01239 avg_data=0.01239 avg_nfe=58.1 skipped=0
71.6s 212 [stage2] epoch 002 batch 040/072 avg_total=0.01290 avg_data=0.01290 avg_nfe=58.5 skipped=0
74.6s 213 [stage2] epoch 002 batch 048/072 avg_total=0.01306 avg_data=0.01306 avg_nfe=58.2 skipped=0
77.7s 214 [stage2] epoch 002 batch 056/072 avg_total=0.01342 avg_data=0.01342 avg_nfe=58.9 skipped=0
80.5s 215 [stage2] epoch 002 batch 064/072 avg_total=0.01324 avg_data=0.01324 avg_nfe=58.4 skipped=0
83.2s 216 [stage2] epoch 002 batch 072/072 avg_total=0.01268 avg_data=0.01268 avg_nfe=57.9 skipped=0
85.0s 217 E   2 | T:0.01268 V:0.01952 | RMSE:0.21409 RealRMSE:0.21409 | End:0.18965 RealEnd:0.18965 | NFE:58 | Skip:0 | LR:8.0e-05
88.0s 218 [stage2] epoch 003 batch 008/072 avg_total=0.01120 avg_data=0.01120 avg_nfe=59.0 skipped=0
91.2s 219 [stage2] epoch 003 batch 016/072 avg_total=0.01528 avg_data=0.01528 avg_nfe=61.2 skipped=0
94.2s 220 [stage2] epoch 003 batch 024/072 avg_total=0.01599 avg_data=0.01599 avg_nfe=60.2 skipped=0
97.0s 221 [stage2] epoch 003 batch 032/072 avg_total=0.01433 avg_data=0.01433 avg_nfe=59.8 skipped=0
99.9s 222 [stage2] epoch 003 batch 040/072 avg_total=0.01503 avg_data=0.01503 avg_nfe=59.1 skipped=0
102.7s 223 [stage2] epoch 003 batch 048/072 avg_total=0.01435 avg_data=0.01435 avg_nfe=58.5 skipped=0
105.6s 224 [stage2] epoch 003 batch 056/072 avg_total=0.01479 avg_data=0.01479 avg_nfe=58.6 skipped=0
108.4s 225 [stage2] epoch 003 batch 064/072 avg_total=0.01408 avg_data=0.01408 avg_nfe=58.4 skipped=0
111.1s 226 [stage2] epoch 003 batch 072/072 avg_total=0.01307 avg_data=0.01307 avg_nfe=57.8 skipped=0
113.0s 227 E   3 | T:0.01307 V:0.02028 | RMSE:0.21821 RealRMSE:0.21821 | End:0.19598 RealEnd:0.19598 | NFE:58 | Skip:0 | LR:8.0e-05
116.0s 228 [stage2] epoch 004 batch 008/072 avg_total=0.00890 avg_data=0.00890 avg_nfe=61.2 skipped=0
119.0s 229 [stage2] epoch 004 batch 016/072 avg_total=0.01139 avg_data=0.01139 avg_nfe=60.9 skipped=0
121.7s 230 [stage2] epoch 004 batch 024/072 avg_total=0.01247 avg_data=0.01247 avg_nfe=58.8 skipped=0
124.4s 231 [stage2] epoch 004 batch 032/072 avg_total=0.01082 avg_data=0.01082 avg_nfe=57.3 skipped=0
127.2s 232 [stage2] epoch 004 batch 040/072 avg_total=0.01079 avg_data=0.01079 avg_nfe=57.4 skipped=0
130.3s 233 [stage2] epoch 004 batch 048/072 avg_total=0.01251 avg_data=0.01251 avg_nfe=58.0 skipped=0
133.2s 234 [stage2] epoch 004 batch 056/072 avg_total=0.01234 avg_data=0.01234 avg_nfe=58.0 skipped=0
135.8s 235 [stage2] epoch 004 batch 064/072 avg_total=0.01342 avg_data=0.01342 avg_nfe=57.7 skipped=0
138.8s 236 [stage2] epoch 004 batch 072/072 avg_total=0.01295 avg_data=0.01295 avg_nfe=57.8 skipped=0
140.6s 237 E   4 | T:0.01295 V:0.01932 | RMSE:0.21311 RealRMSE:0.21311 | End:0.18778 RealEnd:0.18778 | NFE:58 | Skip:0 | LR:7.9e-05
143.8s 238 [stage2] epoch 005 batch 008/072 avg_total=0.01443 avg_data=0.01443 avg_nfe=63.5 skipped=0
146.9s 239 [stage2] epoch 005 batch 016/072 avg_total=0.01858 avg_data=0.01858 avg_nfe=62.4 skipped=0
149.6s 240 [stage2] epoch 005 batch 024/072 avg_total=0.01446 avg_data=0.01446 avg_nfe=60.2 skipped=0
152.7s 241 [stage2] epoch 005 batch 032/072 avg_total=0.01357 avg_data=0.01357 avg_nfe=60.3 skipped=0
155.6s 242 [stage2] epoch 005 batch 040/072 avg_total=0.01351 avg_data=0.01351 avg_nfe=59.8 skipped=0
158.2s 243 [stage2] epoch 005 batch 048/072 avg_total=0.01329 avg_data=0.01329 avg_nfe=58.8 skipped=0
161.1s 244 [stage2] epoch 005 batch 056/072 avg_total=0.01331 avg_data=0.01331 avg_nfe=58.5 skipped=0
163.7s 245 [stage2] epoch 005 batch 064/072 avg_total=0.01280 avg_data=0.01280 avg_nfe=57.6 skipped=0
166.4s 246 [stage2] epoch 005 batch 072/072 avg_total=0.01281 avg_data=0.01281 avg_nfe=57.3 skipped=0
168.2s 247 E   5 | T:0.01281 V:0.01923 | RMSE:0.21267 RealRMSE:0.21267 | End:0.18690 RealEnd:0.18690 | NFE:57 | Skip:0 | LR:7.9e-05
171.1s 248 [stage2] epoch 006 batch 008/072 avg_total=0.00822 avg_data=0.00822 avg_nfe=59.0 skipped=0
173.8s 249 [stage2] epoch 006 batch 016/072 avg_total=0.01059 avg_data=0.01059 avg_nfe=56.0 skipped=0
176.7s 250 [stage2] epoch 006 batch 024/072 avg_total=0.01360 avg_data=0.01360 avg_nfe=57.0 skipped=0
179.3s 251 [stage2] epoch 006 batch 032/072 avg_total=0.01268 avg_data=0.01268 avg_nfe=56.4 skipped=0
182.4s 252 [stage2] epoch 006 batch 040/072 avg_total=0.01275 avg_data=0.01275 avg_nfe=57.4 skipped=0
185.2s 253 [stage2] epoch 006 batch 048/072 avg_total=0.01287 avg_data=0.01287 avg_nfe=57.2 skipped=0
188.2s 254 [stage2] epoch 006 batch 056/072 avg_total=0.01292 avg_data=0.01292 avg_nfe=57.7 skipped=0
191.2s 255 [stage2] epoch 006 batch 064/072 avg_total=0.01312 avg_data=0.01312 avg_nfe=58.0 skipped=0
194.1s 256 [stage2] epoch 006 batch 072/072 avg_total=0.01288 avg_data=0.01288 avg_nfe=58.0 skipped=0
196.0s 257 E   6 | T:0.01288 V:0.01920 | RMSE:0.21244 RealRMSE:0.21244 | End:0.18679 RealEnd:0.18679 | NFE:58 | Skip:0 | LR:7.8e-05
199.0s 258 [stage2] epoch 007 batch 008/072 avg_total=0.01539 avg_data=0.01539 avg_nfe=58.2 skipped=0
202.4s 259 [stage2] epoch 007 batch 016/072 avg_total=0.01689 avg_data=0.01689 avg_nfe=63.5 skipped=0
205.0s 260 [stage2] epoch 007 batch 024/072 avg_total=0.01325 avg_data=0.01325 avg_nfe=59.8 skipped=0
207.9s 261 [stage2] epoch 007 batch 032/072 avg_total=0.01301 avg_data=0.01301 avg_nfe=59.4 skipped=0
210.7s 262 [stage2] epoch 007 batch 040/072 avg_total=0.01410 avg_data=0.01410 avg_nfe=58.9 skipped=0
213.6s 263 [stage2] epoch 007 batch 048/072 avg_total=0.01334 avg_data=0.01334 avg_nfe=58.8 skipped=0
216.5s 264 [stage2] epoch 007 batch 056/072 avg_total=0.01246 avg_data=0.01246 avg_nfe=58.8 skipped=0
219.4s 265 [stage2] epoch 007 batch 064/072 avg_total=0.01275 avg_data=0.01275 avg_nfe=58.5 skipped=0
222.1s 266 [stage2] epoch 007 batch 072/072 avg_total=0.01282 avg_data=0.01282 avg_nfe=58.0 skipped=0
223.9s 267 E   7 | T:0.01282 V:0.02393 | RMSE:0.23784 RealRMSE:0.23784 | End:0.22373 RealEnd:0.22373 | NFE:58 | Skip:0 | LR:7.7e-05
226.5s 268 [stage2] epoch 008 batch 008/072 avg_total=0.01728 avg_data=0.01728 avg_nfe=52.2 skipped=0
229.2s 269 [stage2] epoch 008 batch 016/072 avg_total=0.01349 avg_data=0.01349 avg_nfe=54.1 skipped=0
232.0s 270 [stage2] epoch 008 batch 024/072 avg_total=0.01111 avg_data=0.01111 avg_nfe=54.5 skipped=0
234.8s 271 [stage2] epoch 008 batch 032/072 avg_total=0.01097 avg_data=0.01097 avg_nfe=55.2 skipped=0
237.7s 272 [stage2] epoch 008 batch 040/072 avg_total=0.01093 avg_data=0.01093 avg_nfe=55.9 skipped=0
240.7s 273 [stage2] epoch 008 batch 048/072 avg_total=0.01219 avg_data=0.01219 avg_nfe=56.9 skipped=0
243.9s 274 [stage2] epoch 008 batch 056/072 avg_total=0.01309 avg_data=0.01309 avg_nfe=57.9 skipped=0
246.6s 275 [stage2] epoch 008 batch 064/072 avg_total=0.01343 avg_data=0.01343 avg_nfe=57.6 skipped=0
249.6s 276 [stage2] epoch 008 batch 072/072 avg_total=0.01346 avg_data=0.01346 avg_nfe=58.0 skipped=0
251.5s 277 E   8 | T:0.01346 V:0.01916 | RMSE:0.21272 RealRMSE:0.21272 | End:0.18416 RealEnd:0.18416 | NFE:58 | Skip:0 | LR:7.7e-05
254.7s 278 [stage2] epoch 009 batch 008/072 avg_total=0.01407 avg_data=0.01407 avg_nfe=64.2 skipped=0
257.4s 279 [stage2] epoch 009 batch 016/072 avg_total=0.00985 avg_data=0.00985 avg_nfe=59.0 skipped=0
260.3s 280 [stage2] epoch 009 batch 024/072 avg_total=0.01010 avg_data=0.01010 avg_nfe=58.2 skipped=0
263.1s 281 [stage2] epoch 009 batch 032/072 avg_total=0.01149 avg_data=0.01149 avg_nfe=57.5 skipped=0
265.9s 282 [stage2] epoch 009 batch 040/072 avg_total=0.01296 avg_data=0.01296 avg_nfe=57.2 skipped=0
268.7s 283 [stage2] epoch 009 batch 048/072 avg_total=0.01198 avg_data=0.01198 avg_nfe=57.4 skipped=0
271.8s 284 [stage2] epoch 009 batch 056/072 avg_total=0.01223 avg_data=0.01223 avg_nfe=57.9 skipped=0
274.6s 285 [stage2] epoch 009 batch 064/072 avg_total=0.01283 avg_data=0.01283 avg_nfe=57.8 skipped=0
277.5s 286 [stage2] epoch 009 batch 072/072 avg_total=0.01272 avg_data=0.01272 avg_nfe=57.8 skipped=0
279.3s 287 E   9 | T:0.01272 V:0.02017 | RMSE:0.21763 RealRMSE:0.21763 | End:0.19521 RealEnd:0.19521 | NFE:58 | Skip:0 | LR:7.6e-05
282.0s 288 [stage2] epoch 010 batch 008/072 avg_total=0.01323 avg_data=0.01323 avg_nfe=54.5 skipped=0
284.9s 289 [stage2] epoch 010 batch 016/072 avg_total=0.01673 avg_data=0.01673 avg_nfe=56.4 skipped=0
287.9s 290 [stage2] epoch 010 batch 024/072 avg_total=0.01450 avg_data=0.01450 avg_nfe=58.0 skipped=0
290.8s 291 [stage2] epoch 010 batch 032/072 avg_total=0.01317 avg_data=0.01317 avg_nfe=58.1 skipped=0
293.3s 292 [stage2] epoch 010 batch 040/072 avg_total=0.01196 avg_data=0.01196 avg_nfe=56.5 skipped=0
296.4s 293 [stage2] epoch 010 batch 048/072 avg_total=0.01176 avg_data=0.01176 avg_nfe=57.2 skipped=0
299.4s 294 [stage2] epoch 010 batch 056/072 avg_total=0.01190 avg_data=0.01190 avg_nfe=57.7 skipped=0
302.4s 295 [stage2] epoch 010 batch 064/072 avg_total=0.01233 avg_data=0.01233 avg_nfe=58.2 skipped=0
305.4s 296 [stage2] epoch 010 batch 072/072 avg_total=0.01258 avg_data=0.01258 avg_nfe=58.3 skipped=0
307.3s 297 E  10 | T:0.01258 V:0.02053 | RMSE:0.21949 RealRMSE:0.21949 | End:0.19873 RealEnd:0.19873 | NFE:58 | Skip:0 | LR:7.5e-05
310.2s 298 [stage2] epoch 011 batch 008/072 avg_total=0.01384 avg_data=0.01384 avg_nfe=60.5 skipped=0
312.8s 299 [stage2] epoch 011 batch 016/072 avg_total=0.01444 avg_data=0.01444 avg_nfe=56.0 skipped=0
316.2s 300 [stage2] epoch 011 batch 024/072 avg_total=0.01382 avg_data=0.01382 avg_nfe=59.0 skipped=0
319.3s 301 [stage2] epoch 011 batch 032/072 avg_total=0.01283 avg_data=0.01283 avg_nfe=60.1 skipped=0
322.4s 302 [stage2] epoch 011 batch 040/072 avg_total=0.01238 avg_data=0.01238 avg_nfe=60.5 skipped=0
325.3s 303 [stage2] epoch 011 batch 048/072 avg_total=0.01216 avg_data=0.01216 avg_nfe=60.1 skipped=0
328.0s 304 [stage2] epoch 011 batch 056/072 avg_total=0.01196 avg_data=0.01196 avg_nfe=59.3 skipped=0
330.7s 305 [stage2] epoch 011 batch 064/072 avg_total=0.01223 avg_data=0.01223 avg_nfe=58.8 skipped=0
333.5s 306 [stage2] epoch 011 batch 072/072 avg_total=0.01260 avg_data=0.01260 avg_nfe=58.3 skipped=0
335.3s 307 E  11 | T:0.01260 V:0.01924 | RMSE:0.21266 RealRMSE:0.21266 | End:0.18685 RealEnd:0.18685 | NFE:58 | Skip:0 | LR:7.4e-05
338.0s 308 [stage2] epoch 012 batch 008/072 avg_total=0.00875 avg_data=0.00875 avg_nfe=53.8 skipped=0
340.7s 309 [stage2] epoch 012 batch 016/072 avg_total=0.00909 avg_data=0.00909 avg_nfe=54.9 skipped=0
344.1s 310 [stage2] epoch 012 batch 024/072 avg_total=0.01240 avg_data=0.01240 avg_nfe=59.5 skipped=0
347.0s 311 [stage2] epoch 012 batch 032/072 avg_total=0.01244 avg_data=0.01244 avg_nfe=59.0 skipped=0
350.0s 312 [stage2] epoch 012 batch 040/072 avg_total=0.01327 avg_data=0.01327 avg_nfe=59.3 skipped=0
352.9s 313 [stage2] epoch 012 batch 048/072 avg_total=0.01354 avg_data=0.01354 avg_nfe=59.4 skipped=0
355.7s 314 [stage2] epoch 012 batch 056/072 avg_total=0.01278 avg_data=0.01278 avg_nfe=59.1 skipped=0
358.6s 315 [stage2] epoch 012 batch 064/072 avg_total=0.01226 avg_data=0.01226 avg_nfe=59.1 skipped=0
361.3s 316 [stage2] epoch 012 batch 072/072 avg_total=0.01244 avg_data=0.01244 avg_nfe=58.5 skipped=0
363.2s 317 E  12 | T:0.01244 V:0.01961 | RMSE:0.21527 RealRMSE:0.21527 | End:0.18736 RealEnd:0.18736 | NFE:58 | Skip:0 | LR:7.2e-05
366.0s 318 [stage2] epoch 013 batch 008/072 avg_total=0.01021 avg_data=0.01021 avg_nfe=56.0 skipped=0
368.8s 319 [stage2] epoch 013 batch 016/072 avg_total=0.01267 avg_data=0.01267 avg_nfe=56.0 skipped=0
371.4s 320 [stage2] epoch 013 batch 024/072 avg_total=0.01376 avg_data=0.01376 avg_nfe=55.2 skipped=0
374.4s 321 [stage2] epoch 013 batch 032/072 avg_total=0.01356 avg_data=0.01356 avg_nfe=56.8 skipped=0
377.4s 322 [stage2] epoch 013 batch 040/072 avg_total=0.01285 avg_data=0.01285 avg_nfe=57.5 skipped=0
380.5s 323 [stage2] epoch 013 batch 048/072 avg_total=0.01274 avg_data=0.01274 avg_nfe=58.2 skipped=0
383.6s 324 [stage2] epoch 013 batch 056/072 avg_total=0.01213 avg_data=0.01213 avg_nfe=58.7 skipped=0
386.2s 325 [stage2] epoch 013 batch 064/072 avg_total=0.01185 avg_data=0.01185 avg_nfe=57.6 skipped=0
389.5s 326 [stage2] epoch 013 batch 072/072 avg_total=0.01252 avg_data=0.01252 avg_nfe=58.4 skipped=0
391.4s 327 E  13 | T:0.01252 V:0.01932 | RMSE:0.21312 RealRMSE:0.21312 | End:0.18760 RealEnd:0.18760 | NFE:58 | Skip:0 | LR:7.1e-05
394.2s 328 [stage2] epoch 014 batch 008/072 avg_total=0.00977 avg_data=0.00977 avg_nfe=56.8 skipped=0
396.9s 329 [stage2] epoch 014 batch 016/072 avg_total=0.01067 avg_data=0.01067 avg_nfe=56.4 skipped=0
400.0s 330 [stage2] epoch 014 batch 024/072 avg_total=0.01362 avg_data=0.01362 avg_nfe=57.8 skipped=0
402.8s 331 [stage2] epoch 014 batch 032/072 avg_total=0.01250 avg_data=0.01250 avg_nfe=57.3 skipped=0
405.9s 332 [stage2] epoch 014 batch 040/072 avg_total=0.01353 avg_data=0.01353 avg_nfe=58.4 skipped=0
408.6s 333 [stage2] epoch 014 batch 048/072 avg_total=0.01319 avg_data=0.01319 avg_nfe=58.2 skipped=0
411.8s 334 [stage2] epoch 014 batch 056/072 avg_total=0.01324 avg_data=0.01324 avg_nfe=58.9 skipped=0
414.9s 335 [stage2] epoch 014 batch 064/072 avg_total=0.01306 avg_data=0.01306 avg_nfe=59.6 skipped=0
417.6s 336 [stage2] epoch 014 batch 072/072 avg_total=0.01283 avg_data=0.01283 avg_nfe=59.0 skipped=0
419.5s 337 E  14 | T:0.01283 V:0.01998 | RMSE:0.21677 RealRMSE:0.21677 | End:0.19309 RealEnd:0.19309 | NFE:59 | Skip:0 | LR:7.0e-05
422.3s 338 [stage2] epoch 015 batch 008/072 avg_total=0.00705 avg_data=0.00705 avg_nfe=56.0 skipped=0
425.0s 339 [stage2] epoch 015 batch 016/072 avg_total=0.00705 avg_data=0.00705 avg_nfe=54.9 skipped=0
427.9s 340 [stage2] epoch 015 batch 024/072 avg_total=0.00857 avg_data=0.00857 avg_nfe=56.5 skipped=0
430.8s 341 [stage2] epoch 015 batch 032/072 avg_total=0.00968 avg_data=0.00968 avg_nfe=56.9 skipped=0
433.8s 342 [stage2] epoch 015 batch 040/072 avg_total=0.01123 avg_data=0.01123 avg_nfe=57.6 skipped=0
436.8s 343 [stage2] epoch 015 batch 048/072 avg_total=0.01149 avg_data=0.01149 avg_nfe=58.0 skipped=0
439.9s 344 [stage2] epoch 015 batch 056/072 avg_total=0.01222 avg_data=0.01222 avg_nfe=58.6 skipped=0
442.7s 345 [stage2] epoch 015 batch 064/072 avg_total=0.01207 avg_data=0.01207 avg_nfe=58.2 skipped=0
445.6s 346 [stage2] epoch 015 batch 072/072 avg_total=0.01229 avg_data=0.01229 avg_nfe=58.3 skipped=0
447.5s 347 E  15 | T:0.01229 V:0.02085 | RMSE:0.22265 RealRMSE:0.22265 | End:0.19434 RealEnd:0.19434 | NFE:58 | Skip:0 | LR:6.8e-05
450.1s 348 [stage2] epoch 016 batch 008/072 avg_total=0.01220 avg_data=0.01220 avg_nfe=52.2 skipped=0
453.1s 349 [stage2] epoch 016 batch 016/072 avg_total=0.01263 avg_data=0.01263 avg_nfe=56.4 skipped=0
456.0s 350 [stage2] epoch 016 batch 024/072 avg_total=0.01212 avg_data=0.01212 avg_nfe=57.0 skipped=0
458.6s 351 [stage2] epoch 016 batch 032/072 avg_total=0.01203 avg_data=0.01203 avg_nfe=56.2 skipped=0
461.4s 352 [stage2] epoch 016 batch 040/072 avg_total=0.01137 avg_data=0.01137 avg_nfe=56.0 skipped=0
464.3s 353 [stage2] epoch 016 batch 048/072 avg_total=0.01135 avg_data=0.01135 avg_nfe=56.5 skipped=0
467.3s 354 [stage2] epoch 016 batch 056/072 avg_total=0.01265 avg_data=0.01265 avg_nfe=57.1 skipped=0
470.3s 355 [stage2] epoch 016 batch 064/072 avg_total=0.01313 avg_data=0.01313 avg_nfe=57.4 skipped=0
473.6s 356 [stage2] epoch 016 batch 072/072 avg_total=0.01315 avg_data=0.01315 avg_nfe=58.3 skipped=0
475.5s 357 E  16 | T:0.01315 V:0.02126 | RMSE:0.22357 RealRMSE:0.22357 | End:0.20403 RealEnd:0.20403 | NFE:58 | Skip:0 | LR:6.7e-05
475.5s 358 Early stopping at epoch 16
516.9s 359 ==========================================================================================
516.9s 360 STAGE 2 FIXED RETRY COMPLETE
516.9s 361 ==========================================================================================
516.9s 362 {
516.9s 363 "val_full": {
516.9s 364 "name": "val_full",
516.9s 365 "loss_total": 0.0021941748012333064,
516.9s 366 "loss_data": 0.0021913144299427977,
516.9s 367 "loss_physics": 2.860370720563418e-05,
516.9s 368 "loss_monotone": 0.0,
516.9s 369 "loss_bound": 0.0,
516.9s 370 "violation_rate": 0.0,
516.9s 371 "metrics": {
516.9s 372 "mae": 0.011016794139974957,
516.9s 373 "rmse": 0.023604047776761488,
516.9s 374 "real_mae": 0.18679325887933373,
516.9s 375 "real_rmse": 0.21243568314962114,
516.9s 376 "endpoint_mae": 0.036347889359097316,
516.9s 377 "real_endpoint_mae": 0.18679325887933373,
516.9s 378 "n_observed": 8536.0,
516.9s 379 "n_real_observed": 16.0
516.9s 380 },
516.9s 381 "curves": 158,
516.9s 382 "points": 8552
516.9s 383 },
516.9s 384 "test_full": {
516.9s 385 "name": "test_full",
516.9s 386 "loss_total": 0.00412741885660088,
516.9s 387 "loss_data": 0.003921466187901662,
516.9s 388 "loss_physics": 0.0020591205325439397,
516.9s 389 "loss_monotone": 0.0,
516.9s 390 "loss_bound": 8.127433418094198e-08,
516.9s 391 "violation_rate": 0.0,
516.9s 392 "metrics": {
516.9s 393 "mae": 0.012614827161646816,
516.9s 394 "rmse": 0.028157952709248143,
516.9s 395 "real_mae": 0.26698963304883555,
516.9s 396 "real_rmse": 0.31214084079029536,
516.9s 397 "endpoint_mae": 0.048441226753031356,
516.9s 398 "real_endpoint_mae": 0.2867300589568913,
516.9s 399 "n_observed": 8599.0,
516.9s 400 "n_real_observed": 19.0
516.9s 401 },
516.9s 402 "curves": 159,
516.9s 403 "points": 8615
516.9s 404 },
516.9s 405 "val_real": {
516.9s 406 "name": "val_real",
516.9s 407 "loss_total": 0.01920209534728201,
516.9s 408 "loss_data": 0.019202051582396962,
516.9s 409 "loss_physics": 4.375000486334102e-07,
516.9s 410 "loss_monotone": 0.0,
516.9s 411 "loss_bound": 0.0,
516.9s 412 "violation_rate": 0.0,
516.9s 413 "metrics": {
516.9s 414 "mae": 0.18679325887933373,
516.9s 415 "rmse": 0.21243568314962114,
516.9s 416 "real_mae": 0.18679325887933373,
516.9s 417 "real_rmse": 0.21243568314962114,
516.9s 418 "endpoint_mae": 0.18679325887933373,
516.9s 419 "real_endpoint_mae": 0.18679325887933373,
516.9s 420 "n_observed": 16.0,
516.9s 421 "n_real_observed": 16.0
516.9s 422 },
516.9s 423 "curves": 16,
516.9s 424 "points": 32
516.9s 425 },
516.9s 426 "test_real": {
516.9s 427 "name": "test_real",
516.9s 428 "loss_total": 0.03802949143573642,
516.9s 429 "loss_data": 0.03601150421309285,
516.9s 430 "loss_physics": 0.0201758361316422,
516.9s 431 "loss_monotone": 0.0,
516.9s 432 "loss_bound": 8.076636959231109e-07,
516.9s 433 "violation_rate": 0.0,
516.9s 434 "metrics": {
516.9s 435 "mae": 0.26698963304883555,
516.9s 436 "rmse": 0.31214084079029536,
516.9s 437 "real_mae": 0.26698963304883555,
516.9s 438 "real_rmse": 0.31214084079029536,
516.9s 439 "endpoint_mae": 0.2867300589568913,
516.9s 440 "real_endpoint_mae": 0.2867300589568913,
516.9s 441 "n_observed": 19.0,
516.9s 442 "n_real_observed": 19.0
516.9s 443 },
516.9s 444 "curves": 16,
516.9s 445 "points": 35
516.9s 446 }
516.9s 447 }
516.9s 448 Best checkpoint metric (val_real_rmse): 0.212436
516.9s 449 Artifact folder: /kaggle/working/final_project_4_stage2_fixed_artifacts
516.9s 450 Artifact zip: /kaggle/working/final_project_4_stage2_fixed_artifacts.zip
521.6s 451 /usr/local/lib/python3.12/dist-packages/mistune.py:435: SyntaxWarning: invalid escape sequence '\|'
521.6s 452 cells[i][c] = re.sub('\\\\\|', '|', cell)
521.8s 453 /usr/local/lib/python3.12/dist-packages/nbconvert/filters/filter_links.py:36: SyntaxWarning: invalid escape sequence '\_'
521.8s 454 text = re.sub(r'_', '\_', text) # Escape underscores in display text
522.4s 455 [NbConvertApp] Converting notebook __notebook__.ipynb to notebook
522.7s 456 [NbConvertApp] Writing 56599 bytes to __notebook__.ipynb
525.0s 457 [NbConvertApp] Converting notebook __notebook__.ipynb to html
525.8s 458 [NbConvertApp] Writing 395746 bytes to __results__.html